T4C48 5124:538.680   SEGGER J-Link V7.52a Log File
T4C48 5124:538.784   DLL Compiled: Jul 28 2021 11:08:12
T4C48 5124:538.808   Logging started @ 2023-03-01 19:56
T4C48 5124:538.830 - 32878.464ms
T4C48 5124:545.744 JLINK_ExecCommand("Device = AT91SAM4SD32C", ...). 
T4C48 5124:546.324   Device "ATSAM4SD32C" selected.
T4C48 5124:546.664 - 0.890ms returns 0x00
T4C48 5124:562.631 JLINK_TIF_Select(JLINKARM_TIF_JTAG)
T4C48 5124:563.916 - 1.310ms returns 0x00
T4C48 5124:563.959 JLINK_ConfigJTAG(IRPre = 0, DRPre = 0)
T4C48 5124:564.038 - 0.093ms
T4C48 5124:564.066 JLINK_SetSpeed(4000)
T4C48 5124:564.214 - 0.172ms
T4C48 5124:564.278 JLINK_ResetPullsRESET(OFF)
T4C48 5124:564.301 - 0.034ms
T4C48 5124:564.338 JLINK_Connect()
T4C48 5124:565.894   TotalIRLen = 4, IRPrint = 0x01
T4C48 5124:566.466   JTAG chain detection found 1 devices:
T4C48 5124:566.495    #0 Id: 0x4BA00477, IRLen: 04, CoreSight JTAG-DP
T4C48 5124:570.567   Old FW that does not support reading DPIDR via DAP jobs
T4C48 5124:574.637   DPv0 detected
T4C48 5124:574.696   Scanning AP map to find all available APs
T4C48 5124:577.586   AP[1]: Stopped AP scan as end of AP map has been reached
T4C48 5124:577.618   AP[0]: AHB-AP (IDR: 0x24770011)
T4C48 5124:577.640   Iterating through AP map to find AHB-AP to use
T4C48 5124:582.007   AP[0]: Core found
T4C48 5124:582.037   AP[0]: AHB-AP ROM base: 0xE00FF000
T4C48 5124:584.196   CPUID register: 0x410FC241. Implementer code: 0x41 (ARM)
T4C48 5124:584.224   Found Cortex-M4 r0p1, Little endian.
T4C48 5124:584.634   -- Max. mem block: 0x000023B8
T4C48 5124:584.746   CPU_ReadMem(4 bytes @ 0xE000EDF0)
T4C48 5124:588.331   CPU_WriteMem(4 bytes @ 0xE000EDF0)
T4C48 5124:588.769   CPU_ReadMem(4 bytes @ 0xE0002000)
T4C48 5124:589.313   FPUnit: 6 code (BP) slots and 2 literal slots
T4C48 5124:589.348   CPU_ReadMem(4 bytes @ 0xE000EDFC)
T4C48 5124:589.819   CPU_WriteMem(4 bytes @ 0xE000EDFC)
T4C48 5124:590.290   CPU_ReadMem(4 bytes @ 0xE0001000)
T4C48 5124:590.799   CPU_WriteMem(4 bytes @ 0xE0001000)
T4C48 5124:591.201   CPU_ReadMem(4 bytes @ 0xE000ED88)
T4C48 5124:591.691   CPU_WriteMem(4 bytes @ 0xE000ED88)
T4C48 5124:592.074   CPU_ReadMem(4 bytes @ 0xE000ED88)
T4C48 5124:592.566   CPU_WriteMem(4 bytes @ 0xE000ED88)
T4C48 5124:592.968   CoreSight components:
T4C48 5124:592.994   ROMTbl[0] @ E00FF000
T4C48 5124:593.008   CPU_ReadMem(64 bytes @ 0xE00FF000)
T4C48 5124:593.741   CPU_ReadMem(32 bytes @ 0xE000EFE0)
T4C48 5124:594.442   ROMTbl[0][0]: E000E000, CID: B105E00D, PID: 000BB000 SCS
T4C48 5124:594.459   CPU_ReadMem(32 bytes @ 0xE0001FE0)
T4C48 5124:595.127   ROMTbl[0][1]: E0001000, CID: B105E00D, PID: 003BB002 DWT
T4C48 5124:595.155   CPU_ReadMem(32 bytes @ 0xE0002FE0)
T4C48 5124:595.805   ROMTbl[0][2]: E0002000, CID: B105E00D, PID: 002BB003 FPB
T4C48 5124:595.823   CPU_ReadMem(32 bytes @ 0xE0000FE0)
T4C48 5124:596.484   ROMTbl[0][3]: E0000000, CID: B105E00D, PID: 003BB001 ITM
T4C48 5124:596.502   CPU_ReadMem(32 bytes @ 0xE0040FE0)
T4C48 5124:597.137   ROMTbl[0][4]: E0040000, CID: B105900D, PID: 000BB9A1 TPIU
T4C48 5124:597.157 - 32.824ms returns 0x00
T4C48 5124:597.220 JLINK_Halt()
T4C48 5124:600.419 - 3.232ms returns 0x00
T4C48 5124:600.576 JLINK_BeginDownload(Flags = 0x00000000)
T4C48 5124:600.588 - 0.016ms
T4C48 5124:600.612 JLINK_WriteMem(0x400E0A04, 0x4 Bytes, ...)
T4C48 5124:600.622   Data:  0B 01 00 5A
T4C48 5124:601.227   CPU_WriteMem(4 bytes @ 0x400E0A04)
T4C48 5124:601.664 - 1.074ms returns 0x4
T4C48 5124:601.739 JLINK_EndDownload()
T4C48 5124:601.750 - 0.015ms returns 0 (0x0)
T4C48 5124:601.761 JLINK_ReadMemHW(0x400E0A08, 0x0004 Bytes, ...)
T4C48 5124:601.773   CPU_ReadMem(4 bytes @ 0x400E0A08)
T4C48 5124:602.257   Data:  01 00 00 00
T4C48 5124:602.278 - 0.521ms returns 0
T4C48 5124:602.370 JLINK_BeginDownload(Flags = 0x00000000)
T4C48 5124:602.397 - 0.031ms
T4C48 5124:602.425 JLINK_WriteMem(0x400E0A04, 0x4 Bytes, ...)
T4C48 5124:602.435   Data:  0C 02 00 5A
T4C48 5124:602.457   CPU_WriteMem(4 bytes @ 0x400E0A04)
T4C48 5124:602.874 - 0.458ms returns 0x4
T4C48 5124:602.966 JLINK_EndDownload()
T4C48 5124:602.981 - 0.020ms returns 0 (0x0)
T4C48 5124:602.992 JLINK_ReadMemHW(0x400E0A08, 0x0004 Bytes, ...)
T4C48 5124:603.004   CPU_ReadMem(4 bytes @ 0x400E0A08)
T4C48 5124:603.455   Data:  01 00 00 00
T4C48 5124:603.472 - 0.484ms returns 0
T4C48 5124:603.505 JLINK_SetResetType(JLINKARM_CM3_RESET_TYPE_NORMAL)
T4C48 5124:603.515 - 0.014ms returns JLINKARM_CM3_RESET_TYPE_NORMAL
T4C48 5124:603.526 JLINK_Reset()
T4C48 5124:603.866   CPU_ReadMem(16 bytes @ 0x20000000)
T4C48 5124:604.398   CPU_WriteMem(16 bytes @ 0x20000000)
T4C48 5124:604.840   CPU_ReadMem(4 bytes @ 0xE000EDFC)
T4C48 5124:605.283   CPU_WriteMem(4 bytes @ 0xE000EDFC)
T4C48 5124:605.668   CPU_ReadMem(4 bytes @ 0xE0001000)
T4C48 5124:620.700   CPU_WriteMem(4 bytes @ 0xE000EDFC)
T4C48 5124:621.170   CPU_WriteMem(16 bytes @ 0x20000000)
T4C48 5124:624.746   CPU_WriteMem(4 bytes @ 0xE0002000)
T4C48 5124:625.152   CPU_ReadMem(4 bytes @ 0xE000EDFC)
T4C48 5124:625.646   CPU_ReadMem(4 bytes @ 0xE0001000)
T4C48 5124:626.138 - 22.622ms
T4C48 5124:627.546 JLINK_JTAG_GetDeviceID(DeviceIndex = 0)
T4C48 5124:627.571 - 0.032ms returns 1268778103
T4C48 5124:627.589 JLINK_ReadMemU32(0x400E0740, 0x1 Items)
T4C48 5124:627.616   CPU_ReadMem(4 bytes @ 0x400E0740)
T4C48 5124:628.082   Data:  E0 0E A7 29
T4C48 5124:628.102 - 0.516ms returns 1 (0x1)
T4C48 5124:628.137 JLINK_ReadMemU32(0x400E0744, 0x1 Items)
T4C48 5124:628.161   CPU_ReadMem(4 bytes @ 0x400E0744)
T4C48 5124:628.624   Data:  00 00 00 00
T4C48 5124:628.653 - 0.521ms returns 1 (0x1)
T4C48 5124:628.733 JLINK_BeginDownload(Flags = 0x00000000)
T4C48 5124:628.749 - 0.023ms
T4C48 5124:628.780 JLINK_WriteMem(0x400E0A04, 0x4 Bytes, ...)
T4C48 5124:628.795   Data:  05 00 00 5A
T4C48 5124:628.826   CPU_WriteMem(4 bytes @ 0x400E0A04)
T4C48 5124:629.288 - 0.518ms returns 0x4
T4C48 5124:629.349 JLINK_WriteMem(0x400E0C04, 0x4 Bytes, ...)
T4C48 5124:629.359   Data:  05 00 00 5A
T4C48 5124:629.380   CPU_WriteMem(4 bytes @ 0x400E0C04)
T4C48 5124:629.851 - 0.512ms returns 0x4
T4C48 5124:629.938 JLINK_EndDownload()
T4C48 5124:629.953 - 0.024ms returns 0 (0x0)
T4C48 5124:629.979 JLINK_ReadMemHW(0x400E0A08, 0x0004 Bytes, ...)
T4C48 5124:630.005   CPU_ReadMem(4 bytes @ 0x400E0A08)
T4C48 5124:630.502   Data:  00 00 00 00
T4C48 5124:630.541 - 0.567ms returns 0
T4C48 5124:631.500 JLINK_ReadMemHW(0x400E0A08, 0x0004 Bytes, ...)
T4C48 5124:631.519   CPU_ReadMem(4 bytes @ 0x400E0A08)
T4C48 5124:631.984   Data:  00 00 00 00
T4C48 5124:632.001 - 0.504ms returns 0
T4C48 5124:636.496 JLINK_ReadMemHW(0x400E0A08, 0x0004 Bytes, ...)
T4C48 5124:636.542   CPU_ReadMem(4 bytes @ 0x400E0A08)
T4C48 5124:637.038   Data:  00 00 00 00
T4C48 5124:637.061 - 0.571ms returns 0
T1FE8 5124:637.459 JLINK_IsHalted()
T1FE8 5124:637.482 - 0.028ms returns TRUE
T1FE8 5124:637.497 JLINK_GetMOEs(...)
T1FE8 5124:637.511   CPU_ReadMem(4 bytes @ 0xE000ED30)
T1FE8 5124:637.999 - 0.519ms returns 0x01
T1FE8 5124:638.029 JLINK_ReadReg(R15 (PC))
T1FE8 5124:638.042 - 0.018ms returns 0x004007C8
T4C48 5124:653.102 JLINK_ReadMemHW(0x400E0A08, 0x0004 Bytes, ...)
T4C48 5124:653.131   CPU_ReadMem(4 bytes @ 0x400E0A08)
T4C48 5124:653.687   Data:  00 00 00 00
T4C48 5124:653.705 - 0.607ms returns 0
T4C48 5124:717.848 JLINK_ReadMemHW(0x400E0A08, 0x0004 Bytes, ...)
T4C48 5124:717.890   CPU_ReadMem(4 bytes @ 0x400E0A08)
T4C48 5124:718.453   Data:  00 00 00 00
T4C48 5124:718.485 - 0.642ms returns 0
T1FE8 5124:838.372 JLINK_IsHalted()
T1FE8 5124:838.420 - 0.052ms returns TRUE
T4C48 5124:975.380 JLINK_ReadMemHW(0x400E0A08, 0x0004 Bytes, ...)
T4C48 5124:975.434   CPU_ReadMem(4 bytes @ 0x400E0A08)
T4C48 5124:976.217   Data:  00 00 00 00
T4C48 5124:976.250 - 0.874ms returns 0
T1FE8 5125:039.041 JLINK_IsHalted()
T1FE8 5125:039.075 - 0.039ms returns TRUE
T1FE8 5125:240.098 JLINK_IsHalted()
T1FE8 5125:240.888 - 0.816ms returns TRUE
T1FE8 5125:441.134 JLINK_IsHalted()
T1FE8 5125:441.159 - 0.030ms returns TRUE
T1FE8 5125:641.200 JLINK_IsHalted()
T1FE8 5125:641.245 - 0.049ms returns TRUE
T1FE8 5125:842.623 JLINK_IsHalted()
T1FE8 5125:843.333 - 0.748ms returns TRUE
T4C48 5125:976.376 JLINK_ReadMemHW(0x400E0A08, 0x0004 Bytes, ...)
T4C48 5125:976.430   CPU_ReadMem(4 bytes @ 0x400E0A08)
T4C48 5125:977.234   Data:  00 00 00 00
T4C48 5125:977.266 - 0.894ms returns 0
T4C48 5125:977.376 JLINK_ReadMemHW(0x400E0C08, 0x0004 Bytes, ...)
T4C48 5125:977.397   CPU_ReadMem(4 bytes @ 0x400E0C08)
T4C48 5125:978.030   Data:  00 00 00 00
T4C48 5125:978.052 - 0.679ms returns 0
T4C48 5125:979.280 JLINK_ReadMemHW(0x400E0C08, 0x0004 Bytes, ...)
T4C48 5125:979.334   CPU_ReadMem(4 bytes @ 0x400E0C08)
T4C48 5125:980.121   Data:  00 00 00 00
T4C48 5125:980.154 - 0.877ms returns 0
T4C48 5125:983.710 JLINK_ReadMemHW(0x400E0C08, 0x0004 Bytes, ...)
T4C48 5125:983.764   CPU_ReadMem(4 bytes @ 0x400E0C08)
T4C48 5125:984.620   Data:  00 00 00 00
T4C48 5125:984.670 - 0.965ms returns 0
T4C48 5126:001.331 JLINK_ReadMemHW(0x400E0C08, 0x0004 Bytes, ...)
T4C48 5126:001.373   CPU_ReadMem(4 bytes @ 0x400E0C08)
T4C48 5126:002.238   Data:  00 00 00 00
T4C48 5126:002.271 - 0.945ms returns 0
T1FE8 5126:043.583 JLINK_IsHalted()
T1FE8 5126:043.615 - 0.036ms returns TRUE
T4C48 5126:068.298 JLINK_ReadMemHW(0x400E0C08, 0x0004 Bytes, ...)
T4C48 5126:068.353   CPU_ReadMem(4 bytes @ 0x400E0C08)
T4C48 5126:069.142   Data:  00 00 00 00
T4C48 5126:069.175 - 0.881ms returns 0
T1FE8 5126:244.108 JLINK_IsHalted()
T1FE8 5126:244.154 - 0.050ms returns TRUE
T4C48 5126:324.886 JLINK_ReadMemHW(0x400E0C08, 0x0004 Bytes, ...)
T4C48 5126:324.941   CPU_ReadMem(4 bytes @ 0x400E0C08)
T4C48 5126:325.710   Data:  00 00 00 00
T4C48 5126:325.757 - 0.875ms returns 0
T1FE8 5126:445.328 JLINK_IsHalted()
T1FE8 5126:446.067 - 0.764ms returns TRUE
T1FE8 5126:646.660 JLINK_IsHalted()
T1FE8 5126:646.706 - 0.050ms returns TRUE
T1FE8 5126:847.576 JLINK_IsHalted()
T1FE8 5126:847.621 - 0.050ms returns TRUE
T1FE8 5127:048.605 JLINK_IsHalted()
T1FE8 5127:049.221 - 0.639ms returns TRUE
T1FE8 5127:249.581 JLINK_IsHalted()
T1FE8 5127:249.650 - 0.074ms returns TRUE
T4C48 5127:326.054 JLINK_ReadMemHW(0x400E0C08, 0x0004 Bytes, ...)
T4C48 5127:326.117   CPU_ReadMem(4 bytes @ 0x400E0C08)
T4C48 5127:326.755   Data:  00 00 00 00
T4C48 5127:326.781 - 0.731ms returns 0
T4C48 5127:326.881 JLINK_ReadMemHW(0x400E0A08, 0x0004 Bytes, ...)
T4C48 5127:326.898   CPU_ReadMem(4 bytes @ 0x400E0A08)
T4C48 5127:327.413   Data:  00 00 00 00
T4C48 5127:327.446 - 0.568ms returns 0
T4C48 5127:328.994 JLINK_ReadMemHW(0x400E0A08, 0x0004 Bytes, ...)
T4C48 5127:329.049   CPU_ReadMem(4 bytes @ 0x400E0A08)
T4C48 5127:329.860   Data:  00 00 00 00
T4C48 5127:329.906 - 0.916ms returns 0
T4C48 5127:335.298 JLINK_ReadMemHW(0x400E0A08, 0x0004 Bytes, ...)
T4C48 5127:335.351   CPU_ReadMem(4 bytes @ 0x400E0A08)
T4C48 5127:336.147   Data:  00 00 00 00
T4C48 5127:336.180 - 0.886ms returns 0
T4C48 5127:351.531 JLINK_ReadMemHW(0x400E0A08, 0x0004 Bytes, ...)
T4C48 5127:351.607   CPU_ReadMem(4 bytes @ 0x400E0A08)
T4C48 5127:352.422   Data:  00 00 00 00
T4C48 5127:352.454 - 0.927ms returns 0
T4C48 5127:416.604 JLINK_ReadMemHW(0x400E0A08, 0x0004 Bytes, ...)
T4C48 5127:416.658   CPU_ReadMem(4 bytes @ 0x400E0A08)
T4C48 5127:417.471   Data:  00 00 00 00
T4C48 5127:417.504 - 0.903ms returns 0
T1FE8 5127:450.572 JLINK_IsHalted()
T1FE8 5127:450.615 - 0.049ms returns TRUE
T1FE8 5127:651.091 JLINK_IsHalted()
T1FE8 5127:651.864 - 0.810ms returns TRUE
T4C48 5127:676.959 JLINK_ReadMemHW(0x400E0A08, 0x0004 Bytes, ...)
T4C48 5127:676.999   CPU_ReadMem(4 bytes @ 0x400E0A08)
T4C48 5127:677.904   Data:  00 00 00 00
T4C48 5127:677.936 - 0.981ms returns 0
T1FE8 5127:853.695 JLINK_IsHalted()
T1FE8 5127:853.741 - 0.051ms returns TRUE
T1FE8 5128:054.343 JLINK_IsHalted()
T1FE8 5128:054.376 - 0.036ms returns TRUE
T1FE8 5128:255.371 JLINK_IsHalted()
T1FE8 5128:256.074 - 0.727ms returns TRUE
T1FE8 5128:457.987 JLINK_IsHalted()
T1FE8 5128:458.028 - 0.045ms returns TRUE
T1FE8 5128:659.030 JLINK_IsHalted()
T1FE8 5128:659.063 - 0.037ms returns TRUE
T4C48 5128:677.983 JLINK_ReadMemHW(0x400E0A08, 0x0004 Bytes, ...)
T4C48 5128:678.055   CPU_ReadMem(4 bytes @ 0x400E0A08)
T4C48 5128:678.894   Data:  00 00 00 00
T4C48 5128:678.938 - 0.959ms returns 0
T4C48 5128:679.054 JLINK_ReadMemHW(0x400E0C08, 0x0004 Bytes, ...)
T4C48 5128:679.073   CPU_ReadMem(4 bytes @ 0x400E0C08)
T4C48 5128:679.630   Data:  01 00 00 00
T4C48 5128:679.656 - 0.606ms returns 0
T4C48 5128:679.675 JLINK_ReadMemHW(0x400E0A08, 0x0004 Bytes, ...)
T4C48 5128:679.691   CPU_ReadMem(4 bytes @ 0x400E0A08)
T4C48 5128:680.483   Data:  00 00 00 00
T4C48 5128:680.527 - 0.856ms returns 0
T4C48 5128:684.027 JLINK_ReadMemHW(0x400E0A08, 0x0004 Bytes, ...)
T4C48 5128:684.087   CPU_ReadMem(4 bytes @ 0x400E0A08)
T4C48 5128:684.624   Data:  00 00 00 00
T4C48 5128:684.655 - 0.632ms returns 0
T4C48 5128:688.222 JLINK_ReadMemHW(0x400E0A08, 0x0004 Bytes, ...)
T4C48 5128:688.276   CPU_ReadMem(4 bytes @ 0x400E0A08)
T4C48 5128:689.059   Data:  00 00 00 00
T4C48 5128:689.105 - 0.887ms returns 0
T4C48 5128:705.490 JLINK_ReadMemHW(0x400E0A08, 0x0004 Bytes, ...)
T4C48 5128:705.542   CPU_ReadMem(4 bytes @ 0x400E0A08)
T4C48 5128:706.360   Data:  00 00 00 00
T4C48 5128:706.392 - 0.907ms returns 0
T4C48 5128:771.567 JLINK_ReadMemHW(0x400E0A08, 0x0004 Bytes, ...)
T4C48 5128:771.621   CPU_ReadMem(4 bytes @ 0x400E0A08)
T4C48 5128:772.432   Data:  00 00 00 00
T4C48 5128:772.464 - 0.901ms returns 0
T1FE8 5128:859.899 JLINK_IsHalted()
T1FE8 5128:860.351 - 0.466ms returns TRUE
T4C48 5129:029.776 JLINK_ReadMemHW(0x400E0A08, 0x0004 Bytes, ...)
T4C48 5129:029.829   CPU_ReadMem(4 bytes @ 0x400E0A08)
T4C48 5129:030.639   Data:  00 00 00 00
T4C48 5129:030.688 - 0.929ms returns 0
T1FE8 5129:061.329 JLINK_IsHalted()
T1FE8 5129:061.388 - 0.063ms returns TRUE
T1FE8 5129:262.894 JLINK_IsHalted()
T1FE8 5129:262.943 - 0.066ms returns TRUE
T1FE8 5129:469.325 JLINK_IsHalted()
T1FE8 5129:470.086 - 0.785ms returns TRUE
T1FE8 5129:670.017 JLINK_IsHalted()
T1FE8 5129:670.050 - 0.037ms returns TRUE
T1FE8 5129:870.762 JLINK_IsHalted()
T1FE8 5129:870.796 - 0.039ms returns TRUE
T4C48 5130:030.940 JLINK_ReadMemHW(0x400E0A08, 0x0004 Bytes, ...)
T4C48 5130:030.995   CPU_ReadMem(4 bytes @ 0x400E0A08)
T4C48 5130:031.890   Data:  01 00 00 00
T4C48 5130:031.935 - 0.998ms returns 0
T1FE8 5130:071.520 JLINK_IsHalted()
T1FE8 5130:072.185 - 0.689ms returns TRUE
T4C48 5130:072.876 JLINK_ResetPullsRESET(ON)
T4C48 5130:072.909 - 0.037ms
T4C48 5130:072.920 JLINK_ResetNoHalt()
T4C48 5130:074.441   TotalIRLen = 4, IRPrint = 0x01
T4C48 5130:075.339   JTAG chain detection found 1 devices:
T4C48 5130:075.399    #0 Id: 0x4BA00477, IRLen: 04, CoreSight JTAG-DP
T4C48 5130:080.723   Old FW that does not support reading DPIDR via DAP jobs
T4C48 5130:083.972   DPv0 detected
T4C48 5130:083.998   AP map detection skipped. Manually configured AP map found.
T4C48 5130:084.020   AP[0]: AHB-AP (IDR: Not set)
T4C48 5130:088.355   AP[0]: Core found
T4C48 5130:088.379   AP[0]: AHB-AP ROM base: 0xE00FF000
T4C48 5130:090.584   CPUID register: 0x410FC241. Implementer code: 0x41 (ARM)
T4C48 5130:090.608   Found Cortex-M4 r0p1, Little endian.
T4C48 5130:090.777   -- Max. mem block: 0x00001F48
T4C48 5130:090.811   CPU_ReadMem(4 bytes @ 0xE000EDF0)
T4C48 5130:091.289   CPU_ReadMem(4 bytes @ 0xE0002000)
T4C48 5130:091.734   FPUnit: 6 code (BP) slots and 2 literal slots
T4C48 5130:091.750   CPU_ReadMem(4 bytes @ 0xE000EDFC)
T4C48 5130:092.204   CPU_ReadMem(4 bytes @ 0xE0001000)
T4C48 5130:092.621   CPU_ReadMem(4 bytes @ 0xE000ED88)
T4C48 5130:093.108   CPU_WriteMem(4 bytes @ 0xE000ED88)
T4C48 5130:093.613   CPU_ReadMem(4 bytes @ 0xE000ED88)
T4C48 5130:094.118   CPU_WriteMem(4 bytes @ 0xE000ED88)
T4C48 5130:094.579   CoreSight components:
T4C48 5130:094.603   ROMTbl[0] @ E00FF000
T4C48 5130:094.631   CPU_ReadMem(64 bytes @ 0xE00FF000)
T4C48 5130:095.702   CPU_ReadMem(32 bytes @ 0xE000EFE0)
T4C48 5130:096.388   ROMTbl[0][0]: E000E000, CID: B105E00D, PID: 000BB000 SCS
T4C48 5130:096.406   CPU_WriteMem(4 bytes @ 0xE0001000)
T4C48 5130:096.849   CPU_ReadMem(32 bytes @ 0xE0001FE0)
T4C48 5130:097.643   ROMTbl[0][1]: E0001000, CID: B105E00D, PID: 003BB002 DWT
T4C48 5130:097.661   CPU_ReadMem(32 bytes @ 0xE0002FE0)
T4C48 5130:098.356   ROMTbl[0][2]: E0002000, CID: B105E00D, PID: 002BB003 FPB
T4C48 5130:098.375   CPU_ReadMem(32 bytes @ 0xE0000FE0)
T4C48 5130:099.043   ROMTbl[0][3]: E0000000, CID: B105E00D, PID: 003BB001 ITM
T4C48 5130:099.062   CPU_ReadMem(32 bytes @ 0xE0040FE0)
T4C48 5130:099.737   ROMTbl[0][4]: E0040000, CID: B105900D, PID: 000BB9A1 TPIU
T4C48 5130:099.761   JLINK_Reset()
T4C48 5130:099.889     CPU_ReadMem(16 bytes @ 0x20000000)
T4C48 5130:100.438     CPU_WriteMem(16 bytes @ 0x20000000)
T4C48 5130:100.959     CPU_ReadMem(4 bytes @ 0xE000EDFC)
T4C48 5130:101.487     CPU_WriteMem(4 bytes @ 0xE000EDFC)
T4C48 5130:101.877     CPU_ReadMem(4 bytes @ 0xE0001000)
T4C48 5130:102.337     CPU_WriteMem(4 bytes @ 0xE0001004)
T4C48 5130:117.971     CPU_WriteMem(4 bytes @ 0xE000EDFC)
T4C48 5130:118.644     CPU_WriteMem(16 bytes @ 0x20000000)
T4C48 5130:123.148     CPU_WriteMem(4 bytes @ 0xE0002000)
T4C48 5130:123.659     CPU_ReadMem(4 bytes @ 0xE000EDFC)
T4C48 5130:124.432     CPU_ReadMem(4 bytes @ 0xE0001000)
T4C48 5130:125.221   - 25.484ms
T4C48 5130:125.255   JLINK_Go()
T4C48 5130:125.268     CPU_ReadMem(4 bytes @ 0xE0001000)
T4C48 5130:126.059     CPU_WriteMem(4 bytes @ 0xE0001004)
T4C48 5130:127.454   - 2.224ms
T4C48 5130:127.485 - 54.569ms
T4C48 5130:127.714 JLINK_TIF_Select(JLINKARM_TIF_JTAG)
T4C48 5130:127.729 - 0.020ms returns 0x00
T4C48 5130:127.740 JLINK_ConfigJTAG(IRPre = 0, DRPre = 0)
T4C48 5130:127.749 - 0.012ms
T4C48 5130:127.759 JLINK_SetSpeed(4000)
T4C48 5130:127.963 - 0.217ms
T4C48 5130:127.986 JLINK_ResetPullsRESET(OFF)
T4C48 5130:127.994 - 0.012ms
T4C48 5130:128.004 JLINK_Connect()
T4C48 5130:129.509   TotalIRLen = 4, IRPrint = 0x01
T4C48 5130:130.174   JTAG chain detection found 1 devices:
T4C48 5130:130.200    #0 Id: 0x4BA00477, IRLen: 04, CoreSight JTAG-DP
T4C48 5130:134.839   Old FW that does not support reading DPIDR via DAP jobs
T4C48 5130:138.251   DPv0 detected
T4C48 5130:138.292   AP map detection skipped. Manually configured AP map found.
T4C48 5130:138.313   AP[0]: AHB-AP (IDR: Not set)
T4C48 5130:142.932   AP[0]: Core found
T4C48 5130:142.959   AP[0]: AHB-AP ROM base: 0xE00FF000
T4C48 5130:145.205   CPUID register: 0x410FC241. Implementer code: 0x41 (ARM)
T4C48 5130:145.230   Found Cortex-M4 r0p1, Little endian.
T4C48 5130:145.400   -- Max. mem block: 0x00001F48
T4C48 5130:145.421   CPU_ReadMem(4 bytes @ 0xE000EDF0)
T4C48 5130:145.924   CPU_ReadMem(4 bytes @ 0xE0002000)
T4C48 5130:146.361   FPUnit: 6 code (BP) slots and 2 literal slots
T4C48 5130:146.378   CPU_ReadMem(4 bytes @ 0xE000EDFC)
T4C48 5130:146.797   CPU_ReadMem(4 bytes @ 0xE0001000)
T4C48 5130:147.282   CPU_WriteMem(4 bytes @ 0xE0001000)
T4C48 5130:147.667   CPU_ReadMem(4 bytes @ 0xE000ED88)
T4C48 5130:148.150   CPU_WriteMem(4 bytes @ 0xE000ED88)
T4C48 5130:148.609   CPU_ReadMem(4 bytes @ 0xE000ED88)
T4C48 5130:149.093   CPU_WriteMem(4 bytes @ 0xE000ED88)
T4C48 5130:149.469   CoreSight components:
T4C48 5130:149.493   ROMTbl[0] @ E00FF000
T4C48 5130:149.521   CPU_ReadMem(64 bytes @ 0xE00FF000)
T4C48 5130:150.666   CPU_ReadMem(32 bytes @ 0xE000EFE0)
T4C48 5130:151.401   ROMTbl[0][0]: E000E000, CID: B105E00D, PID: 000BB000 SCS
T4C48 5130:151.418   CPU_ReadMem(32 bytes @ 0xE0001FE0)
T4C48 5130:152.167   ROMTbl[0][1]: E0001000, CID: B105E00D, PID: 003BB002 DWT
T4C48 5130:152.185   CPU_ReadMem(32 bytes @ 0xE0002FE0)
T4C48 5130:152.894   ROMTbl[0][2]: E0002000, CID: B105E00D, PID: 002BB003 FPB
T4C48 5130:152.913   CPU_ReadMem(32 bytes @ 0xE0000FE0)
T4C48 5130:153.638   ROMTbl[0][3]: E0000000, CID: B105E00D, PID: 003BB001 ITM
T4C48 5130:153.657   CPU_ReadMem(32 bytes @ 0xE0040FE0)
T4C48 5130:154.395   ROMTbl[0][4]: E0040000, CID: B105900D, PID: 000BB9A1 TPIU
T4C48 5130:154.416 - 26.416ms returns 0x00
T4C48 5130:154.485 JLINK_Halt()
T4C48 5130:157.749 - 3.273ms returns 0x00
T4C48 5130:157.850 JLINK_BeginDownload(Flags = 0x00000000)
T4C48 5130:157.862 - 0.052ms
T4C48 5130:157.943 JLINK_WriteMem(0x400E0A04, 0x4 Bytes, ...)
T4C48 5130:157.966   Data:  0B 01 00 5A
T4C48 5130:158.097   CPU_WriteMem(4 bytes @ 0x400E0A04)
T4C48 5130:158.698 - 0.764ms returns 0x4
T4C48 5130:158.733 JLINK_EndDownload()
T4C48 5130:158.743 - 0.014ms returns 0 (0x0)
T4C48 5130:158.753 JLINK_ReadMemHW(0x400E0A08, 0x0004 Bytes, ...)
T4C48 5130:158.763   CPU_ReadMem(4 bytes @ 0x400E0A08)
T4C48 5130:159.411   Data:  01 00 00 00
T4C48 5130:159.427 - 0.678ms returns 0
T4C48 5130:159.454 JLINK_BeginDownload(Flags = 0x00000000)
T4C48 5130:159.463 - 0.013ms
T4C48 5130:159.482 JLINK_WriteMem(0x400E0A04, 0x4 Bytes, ...)
T4C48 5130:159.491   Data:  0C 02 00 5A
T4C48 5130:159.506   CPU_WriteMem(4 bytes @ 0x400E0A04)
T4C48 5130:159.919 - 0.444ms returns 0x4
T4C48 5130:159.951 JLINK_EndDownload()
T4C48 5130:159.961 - 0.014ms returns 0 (0x0)
T4C48 5130:159.971 JLINK_ReadMemHW(0x400E0A08, 0x0004 Bytes, ...)
T4C48 5130:159.981   CPU_ReadMem(4 bytes @ 0x400E0A08)
T4C48 5130:160.582   Data:  01 00 00 00
T4C48 5130:160.602 - 0.635ms returns 0
T4C48 5130:160.631 JLINK_SetResetType(JLINKARM_CM3_RESET_TYPE_NORMAL)
T4C48 5130:160.664 - 0.036ms returns JLINKARM_CM3_RESET_TYPE_NORMAL
T4C48 5130:160.673 JLINK_Reset()
T4C48 5130:160.699   CPU_ReadMem(16 bytes @ 0x20000000)
T4C48 5130:161.385   CPU_WriteMem(16 bytes @ 0x20000000)
T4C48 5130:161.930   CPU_ReadMem(4 bytes @ 0xE000EDFC)
T4C48 5130:162.449   CPU_WriteMem(4 bytes @ 0xE000EDFC)
T4C48 5130:162.934   CPU_ReadMem(4 bytes @ 0xE0001000)
T4C48 5130:178.457   CPU_WriteMem(4 bytes @ 0xE000EDFC)
T4C48 5130:179.024   CPU_WriteMem(16 bytes @ 0x20000000)
T4C48 5130:182.875   CPU_WriteMem(4 bytes @ 0xE0002000)
T4C48 5130:183.438   CPU_ReadMem(4 bytes @ 0xE000EDFC)
T4C48 5130:184.239   CPU_ReadMem(4 bytes @ 0xE0001000)
T4C48 5130:185.025 - 24.376ms
T4C48 5130:186.391 JLINK_JTAG_GetDeviceID(DeviceIndex = 0)
T4C48 5130:186.408 - 0.022ms returns 1268778103
T4C48 5130:186.432 JLINK_ReadMemU32(0x400E0740, 0x1 Items)
T4C48 5130:186.451   CPU_ReadMem(4 bytes @ 0x400E0740)
T4C48 5130:186.990   Data:  E0 0E A7 29
T4C48 5130:187.014 - 0.585ms returns 1 (0x1)
T4C48 5130:187.081 JLINK_ReadMemU32(0x400E0744, 0x1 Items)
T4C48 5130:187.108   CPU_ReadMem(4 bytes @ 0x400E0744)
T4C48 5130:187.623   Data:  00 00 00 00
T4C48 5130:187.641 - 0.564ms returns 1 (0x1)
T4C48 5130:194.101 JLINK_BeginDownload(Flags = 0x00000000)
T4C48 5130:194.145 - 0.050ms
T4C48 5130:194.179 JLINK_WriteMem(0x00400000, 0xBFC Bytes, ...)
T4C48 5130:194.200   Data:  F8 34 00 20 C9 07 40 00 C5 07 40 00 C5 07 40 00 ...
T4C48 5130:194.873   completely In flash
T4C48 5130:194.895    -- Read from flash cache (3068 bytes @ 0x00400000)
T4C48 5130:194.908 - 0.732ms returns 0xBFC
T4C48 5130:195.084 JLINK_WriteMem(0x00400BFC, 0x43C Bytes, ...)
T4C48 5130:195.096   Data:  BF F3 5F 8F 01 38 FB D1 70 47 00 00 00 09 3D 00 ...
T4C48 5130:195.113   completely In flash
T4C48 5130:195.127    -- Read from flash cache (1084 bytes @ 0x00400BFC)
T4C48 5130:195.139 - 0.058ms returns 0x43C
T2CDC 5130:198.012 JLINK_IsHalted()
T2CDC 5130:198.056 - 0.052ms returns TRUE
T2CDC 5130:198.077 JLINK_GetMOEs(...)
T2CDC 5130:198.101   CPU_ReadMem(4 bytes @ 0xE000ED30)
T2CDC 5130:198.629 - 0.564ms returns 0x01
T2CDC 5130:198.651 JLINK_ReadReg(R15 (PC))
T2CDC 5130:198.932   Old firmware which does not support pausing periodic actions during flash download
T2CDC 5130:198.954   CPU_ReadMem(4 bytes @ 0xE000ED90)
T2CDC 5130:199.449   CPU_ReadMem(4 bytes @ 0xE000ED94)
T2CDC 5130:200.169    -- --------------------------------------
T2CDC 5130:200.215   Flash bank @ 0x00400000: Default: L2 verify disabled because algorithm performs L1 verify
T2CDC 5130:200.227    -- Start of determining dirty areas in flash cache
T2CDC 5130:200.637    -- End of determining dirty areas
T2CDC 5130:200.652    -- Start of preparing flash programming
T2CDC 5130:200.663    -- Calculating RAM usage
T2CDC 5130:200.679    -- RAM usage = 3036 Bytes
T2CDC 5130:200.691    -- Preserving CPU registers
T2CDC 5130:200.716    -- Preparing memory
T2CDC 5130:200.735    -- Preparing target
T2CDC 5130:361.386    -- Preserving target RAM temporarily used for programming
T2CDC 5130:371.486    -- Downloading RAMCode
T2CDC 5130:383.856    -- Preparing RAMCode
T2CDC 5130:390.226    -- Checking target RAM
T2CDC 5130:391.464    -- End of preparing flash programming
T2CDC 5130:391.617   Looking for J-Link GUI Server exe at: S:\Program Files (x86)\Atmel\Studio\7.0\atbackend\JLinkGUIServer.exe
T2CDC 5130:391.673   Looking for J-Link GUI Server exe at: \JLinkGUIServer.exe
T2CDC 5130:693.211   Failed to connect to J-Link GUI Server.
T2CDC 5130:701.925    -- CPU is running at 90000 kHz.
T2CDC 5130:701.957    -- Start of comparing flash
T2CDC 5130:701.973    -- CRC check was estimated as fastest method
T2CDC 5130:701.989    -- Comparing range 0x400000 - 0x4011FF (9 Sectors, 4 KiB), using multi-block CRC calculation
T2CDC 5130:704.678    -- CRC does not match for sectors 0-8
T2CDC 5130:704.701    -- End of comparing flash
T2CDC 5130:704.714    -- Start of erasing sectors
T2CDC 5130:704.726    -- End of erasing sectors
T2CDC 5130:704.737    -- Start of flash programming
T2CDC 5130:704.750    -- Programming range 0x00400000 - 0x004011FF (  9 Sectors, 4 KB)
T2CDC 5130:729.704    -- End of flash programming
T2CDC 5130:729.771    -- 0x400000 - 0x4011FF (  9 Sectors, 4 KoB)
T2CDC 5130:729.784    -- Start of restoring
T2CDC 5130:729.796    -- Restoring RAMCode
T2CDC 5130:738.708    -- Restoring target memory
T2CDC 5130:748.245    -- Restore target
T2CDC 5130:799.351    -- Restore memory
T2CDC 5130:799.384    -- Restoring CPU registers
T2CDC 5130:799.409    -- End of restoring
T2CDC 5130:799.511    -- Bank 0 @ 0x00400000: 1 range affected (4608 bytes)
T2CDC 5130:799.568    -- Total: 0.598s (Prepare: 0.501s, Compare: 0.002s, Erase: 0.000s, Program & Verify: 0.029s, Restore: 0.065s)
T2CDC 5130:799.601    -- Program & Verify speed: 154 KiB/s
T2CDC 5130:801.741 - 603.100ms returns 0xFFFFFFFE
T4C48 5130:802.891 JLINK_EndDownload()
T4C48 5130:802.908 - 0.021ms returns 0 (0x0)
T4C48 5130:802.928 JLINK_ResetPullsRESET(ON)
T4C48 5130:802.937 - 0.012ms
T4C48 5130:802.946 JLINK_ResetNoHalt()
T4C48 5130:804.320   TotalIRLen = 4, IRPrint = 0x01
T4C48 5130:804.978   JTAG chain detection found 1 devices:
T4C48 5130:805.014    #0 Id: 0x4BA00477, IRLen: 04, CoreSight JTAG-DP
T4C48 5130:809.302   Old FW that does not support reading DPIDR via DAP jobs
T4C48 5130:812.526   DPv0 detected
T4C48 5130:812.551   AP map detection skipped. Manually configured AP map found.
T4C48 5130:812.575   AP[0]: AHB-AP (IDR: Not set)
T4C48 5130:817.304   AP[0]: Core found
T4C48 5130:817.342   AP[0]: AHB-AP ROM base: 0xE00FF000
T4C48 5130:819.513   CPUID register: 0x410FC241. Implementer code: 0x41 (ARM)
T4C48 5130:819.537   Found Cortex-M4 r0p1, Little endian.
T4C48 5130:819.732   -- Max. mem block: 0x00001F48
T4C48 5130:819.753   CPU_ReadMem(4 bytes @ 0xE000EDF0)
T4C48 5130:820.183   CPU_ReadMem(4 bytes @ 0xE0002000)
T4C48 5130:820.610   FPUnit: 6 code (BP) slots and 2 literal slots
T4C48 5130:820.627   CPU_ReadMem(4 bytes @ 0xE000EDFC)
T4C48 5130:821.081   CPU_ReadMem(4 bytes @ 0xE0001000)
T4C48 5130:821.584   CPU_ReadMem(4 bytes @ 0xE000ED88)
T4C48 5130:822.069   CPU_WriteMem(4 bytes @ 0xE000ED88)
T4C48 5130:822.454   CPU_ReadMem(4 bytes @ 0xE000ED88)
T4C48 5130:822.968   CPU_WriteMem(4 bytes @ 0xE000ED88)
T4C48 5130:823.415   CoreSight components:
T4C48 5130:823.443   ROMTbl[0] @ E00FF000
T4C48 5130:823.473   CPU_ReadMem(64 bytes @ 0xE00FF000)
T4C48 5130:824.678   CPU_ReadMem(32 bytes @ 0xE000EFE0)
T4C48 5130:825.408   ROMTbl[0][0]: E000E000, CID: B105E00D, PID: 000BB000 SCS
T4C48 5130:825.424   CPU_WriteMem(4 bytes @ 0xE0001000)
T4C48 5130:825.849   CPU_ReadMem(32 bytes @ 0xE0001FE0)
T4C48 5130:826.531   ROMTbl[0][1]: E0001000, CID: B105E00D, PID: 003BB002 DWT
T4C48 5130:826.549   CPU_ReadMem(32 bytes @ 0xE0002FE0)
T4C48 5130:827.232   ROMTbl[0][2]: E0002000, CID: B105E00D, PID: 002BB003 FPB
T4C48 5130:827.250   CPU_ReadMem(32 bytes @ 0xE0000FE0)
T4C48 5130:827.965   ROMTbl[0][3]: E0000000, CID: B105E00D, PID: 003BB001 ITM
T4C48 5130:827.984   CPU_ReadMem(32 bytes @ 0xE0040FE0)
T4C48 5130:828.662   ROMTbl[0][4]: E0040000, CID: B105900D, PID: 000BB9A1 TPIU
T4C48 5130:828.686   JLINK_Reset()
T4C48 5130:829.193     CPU_ReadMem(16 bytes @ 0x20000000)
T4C48 5130:829.734     CPU_WriteMem(16 bytes @ 0x20000000)
T4C48 5130:830.318     CPU_ReadMem(4 bytes @ 0xE000EDFC)
T4C48 5130:830.823     CPU_WriteMem(4 bytes @ 0xE000EDFC)
T4C48 5130:831.586     CPU_ReadMem(4 bytes @ 0xE0001000)
T4C48 5130:847.912     CPU_WriteMem(4 bytes @ 0xE000EDFC)
T4C48 5130:848.466     CPU_WriteMem(16 bytes @ 0x20000000)
T4C48 5130:852.141     CPU_WriteMem(4 bytes @ 0xE0002000)
T4C48 5130:852.718     CPU_ReadMem(4 bytes @ 0xE000EDFC)
T4C48 5130:853.341     CPU_ReadMem(4 bytes @ 0xE0001000)
T4C48 5130:853.944   - 25.266ms
T4C48 5130:853.960   JLINK_Go()
T4C48 5130:853.972     CPU_ReadMem(4 bytes @ 0xE0001000)
T4C48 5130:854.580     CPU_WriteMem(4 bytes @ 0xE0001004)
T4C48 5130:855.712   - 1.760ms
T4C48 5130:855.725 - 52.782ms
T4C48 5130:867.471 JLINK_Close()
T4C48 5130:888.297 - 20.858ms
T4C48 5130:888.338   
T4C48 5130:888.350   Closed
