T4C48 5291:257.777   SEGGER J-Link V7.52a Log File
T4C48 5291:257.850   DLL Compiled: Jul 28 2021 11:08:12
T4C48 5291:257.875   Logging started @ 2023-03-01 19:59
T4C48 5291:257.910 - 135053.672ms
T4C48 5291:264.917 JLINK_ExecCommand("Device = AT91SAM4SD32C", ...). 
T4C48 5291:265.518   Device "ATSAM4SD32C" selected.
T4C48 5291:265.882 - 0.930ms returns 0x00
T4C48 5291:292.757 JLINK_TIF_Select(JLINKARM_TIF_JTAG)
T4C48 5291:293.997 - 1.293ms returns 0x00
T4C48 5291:294.096 JLINK_ConfigJTAG(IRPre = 0, DRPre = 0)
T4C48 5291:294.202 - 0.120ms
T4C48 5291:294.230 JLINK_SetSpeed(4000)
T4C48 5291:294.391 - 0.198ms
T4C48 5291:294.445 JLINK_ResetPullsRESET(OFF)
T4C48 5291:294.467 - 0.033ms
T4C48 5291:294.506 JLINK_Connect()
T4C48 5291:295.931   TotalIRLen = 4, IRPrint = 0x01
T4C48 5291:296.556   JTAG chain detection found 1 devices:
T4C48 5291:296.600    #0 Id: 0x4BA00477, IRLen: 04, CoreSight JTAG-DP
T4C48 5291:300.481   Old FW that does not support reading DPIDR via DAP jobs
T4C48 5291:304.049   DPv0 detected
T4C48 5291:304.110   Scanning AP map to find all available APs
T4C48 5291:306.665   AP[1]: Stopped AP scan as end of AP map has been reached
T4C48 5291:306.722   AP[0]: AHB-AP (IDR: 0x24770011)
T4C48 5291:306.743   Iterating through AP map to find AHB-AP to use
T4C48 5291:310.947   AP[0]: Core found
T4C48 5291:310.975   AP[0]: AHB-AP ROM base: 0xE00FF000
T4C48 5291:313.189   CPUID register: 0x410FC241. Implementer code: 0x41 (ARM)
T4C48 5291:313.214   Found Cortex-M4 r0p1, Little endian.
T4C48 5291:313.632   -- Max. mem block: 0x000023B8
T4C48 5291:313.797   CPU_ReadMem(4 bytes @ 0xE000EDF0)
T4C48 5291:317.369   CPU_WriteMem(4 bytes @ 0xE000EDF0)
T4C48 5291:317.773   CPU_ReadMem(4 bytes @ 0xE0002000)
T4C48 5291:318.242   FPUnit: 6 code (BP) slots and 2 literal slots
T4C48 5291:318.258   CPU_ReadMem(4 bytes @ 0xE000EDFC)
T4C48 5291:318.803   CPU_WriteMem(4 bytes @ 0xE000EDFC)
T4C48 5291:319.168   CPU_ReadMem(4 bytes @ 0xE0001000)
T4C48 5291:319.620   CPU_WriteMem(4 bytes @ 0xE0001000)
T4C48 5291:320.050   CPU_ReadMem(4 bytes @ 0xE000ED88)
T4C48 5291:320.490   CPU_WriteMem(4 bytes @ 0xE000ED88)
T4C48 5291:320.910   CPU_ReadMem(4 bytes @ 0xE000ED88)
T4C48 5291:321.388   CPU_WriteMem(4 bytes @ 0xE000ED88)
T4C48 5291:321.802   CoreSight components:
T4C48 5291:321.829   ROMTbl[0] @ E00FF000
T4C48 5291:321.843   CPU_ReadMem(64 bytes @ 0xE00FF000)
T4C48 5291:322.567   CPU_ReadMem(32 bytes @ 0xE000EFE0)
T4C48 5291:323.190   ROMTbl[0][0]: E000E000, CID: B105E00D, PID: 000BB000 SCS
T4C48 5291:323.207   CPU_ReadMem(32 bytes @ 0xE0001FE0)
T4C48 5291:323.872   ROMTbl[0][1]: E0001000, CID: B105E00D, PID: 003BB002 DWT
T4C48 5291:323.911   CPU_ReadMem(32 bytes @ 0xE0002FE0)
T4C48 5291:324.592   ROMTbl[0][2]: E0002000, CID: B105E00D, PID: 002BB003 FPB
T4C48 5291:324.609   CPU_ReadMem(32 bytes @ 0xE0000FE0)
T4C48 5291:325.237   ROMTbl[0][3]: E0000000, CID: B105E00D, PID: 003BB001 ITM
T4C48 5291:325.254   CPU_ReadMem(32 bytes @ 0xE0040FE0)
T4C48 5291:325.912   ROMTbl[0][4]: E0040000, CID: B105900D, PID: 000BB9A1 TPIU
T4C48 5291:325.932 - 31.430ms returns 0x00
T4C48 5291:325.996 JLINK_Halt()
T4C48 5291:329.121 - 3.134ms returns 0x00
T4C48 5291:329.249 JLINK_BeginDownload(Flags = 0x00000000)
T4C48 5291:329.260 - 0.016ms
T4C48 5291:329.284 JLINK_WriteMem(0x400E0A04, 0x4 Bytes, ...)
T4C48 5291:329.294   Data:  0B 01 00 5A
T4C48 5291:329.767   CPU_WriteMem(4 bytes @ 0x400E0A04)
T4C48 5291:330.155 - 0.892ms returns 0x4
T4C48 5291:330.251 JLINK_EndDownload()
T4C48 5291:330.262 - 0.015ms returns 0 (0x0)
T4C48 5291:330.272 JLINK_ReadMemHW(0x400E0A08, 0x0004 Bytes, ...)
T4C48 5291:330.283   CPU_ReadMem(4 bytes @ 0x400E0A08)
T4C48 5291:330.798   Data:  01 00 00 00
T4C48 5291:330.815 - 0.547ms returns 0
T4C48 5291:330.846 JLINK_BeginDownload(Flags = 0x00000000)
T4C48 5291:330.856 - 0.013ms
T4C48 5291:330.877 JLINK_WriteMem(0x400E0A04, 0x4 Bytes, ...)
T4C48 5291:330.896   Data:  0C 02 00 5A
T4C48 5291:330.924   CPU_WriteMem(4 bytes @ 0x400E0A04)
T4C48 5291:331.298 - 0.430ms returns 0x4
T4C48 5291:331.377 JLINK_EndDownload()
T4C48 5291:331.391 - 0.019ms returns 0 (0x0)
T4C48 5291:331.403 JLINK_ReadMemHW(0x400E0A08, 0x0004 Bytes, ...)
T4C48 5291:331.414   CPU_ReadMem(4 bytes @ 0x400E0A08)
T4C48 5291:331.851   Data:  01 00 00 00
T4C48 5291:331.868 - 0.469ms returns 0
T4C48 5291:331.902 JLINK_SetResetType(JLINKARM_CM3_RESET_TYPE_NORMAL)
T4C48 5291:331.936 - 0.039ms returns JLINKARM_CM3_RESET_TYPE_NORMAL
T4C48 5291:331.952 JLINK_Reset()
T4C48 5291:332.315   CPU_ReadMem(16 bytes @ 0x20000000)
T4C48 5291:332.839   CPU_WriteMem(16 bytes @ 0x20000000)
T4C48 5291:333.346   CPU_ReadMem(4 bytes @ 0xE000EDFC)
T4C48 5291:333.844   CPU_WriteMem(4 bytes @ 0xE000EDFC)
T4C48 5291:334.249   CPU_ReadMem(4 bytes @ 0xE0001000)
T4C48 5291:349.903   CPU_WriteMem(4 bytes @ 0xE000EDFC)
T4C48 5291:350.325   CPU_WriteMem(16 bytes @ 0x20000000)
T4C48 5291:353.951   CPU_WriteMem(4 bytes @ 0xE0002000)
T4C48 5291:354.411   CPU_ReadMem(4 bytes @ 0xE000EDFC)
T4C48 5291:354.977   CPU_ReadMem(4 bytes @ 0xE0001000)
T4C48 5291:355.608 - 23.666ms
T4C48 5291:356.705 JLINK_JTAG_GetDeviceID(DeviceIndex = 0)
T4C48 5291:356.719 - 0.018ms returns 1268778103
T4C48 5291:356.730 JLINK_ReadMemU32(0x400E0740, 0x1 Items)
T4C48 5291:356.745   CPU_ReadMem(4 bytes @ 0x400E0740)
T4C48 5291:357.216   Data:  E0 0E A7 29
T4C48 5291:357.234 - 0.507ms returns 1 (0x1)
T4C48 5291:357.263 JLINK_ReadMemU32(0x400E0744, 0x1 Items)
T4C48 5291:357.293   CPU_ReadMem(4 bytes @ 0x400E0744)
T4C48 5291:357.806   Data:  00 00 00 00
T4C48 5291:357.824 - 0.565ms returns 1 (0x1)
T4C48 5291:357.895 JLINK_BeginDownload(Flags = 0x00000000)
T4C48 5291:357.906 - 0.015ms
T4C48 5291:357.926 JLINK_WriteMem(0x400E0A04, 0x4 Bytes, ...)
T4C48 5291:357.935   Data:  05 00 00 5A
T4C48 5291:357.952   CPU_WriteMem(4 bytes @ 0x400E0A04)
T4C48 5291:358.371 - 0.456ms returns 0x4
T4C48 5291:358.433 JLINK_WriteMem(0x400E0C04, 0x4 Bytes, ...)
T4C48 5291:358.444   Data:  05 00 00 5A
T4C48 5291:358.461   CPU_WriteMem(4 bytes @ 0x400E0C04)
T4C48 5291:358.903 - 0.480ms returns 0x4
T4C48 5291:358.939 JLINK_EndDownload()
T4C48 5291:358.950 - 0.015ms returns 0 (0x0)
T4C48 5291:358.960 JLINK_ReadMemHW(0x400E0A08, 0x0004 Bytes, ...)
T4C48 5291:358.971   CPU_ReadMem(4 bytes @ 0x400E0A08)
T4C48 5291:359.610   Data:  00 00 00 00
T4C48 5291:359.641 - 0.684ms returns 0
T4C48 5291:360.663 JLINK_ReadMemHW(0x400E0A08, 0x0004 Bytes, ...)
T4C48 5291:360.695   CPU_ReadMem(4 bytes @ 0x400E0A08)
T4C48 5291:361.213   Data:  00 00 00 00
T4C48 5291:361.231 - 0.572ms returns 0
T4C48 5291:365.564 JLINK_ReadMemHW(0x400E0A08, 0x0004 Bytes, ...)
T4C48 5291:365.596   CPU_ReadMem(4 bytes @ 0x400E0A08)
T4C48 5291:366.097   Data:  00 00 00 00
T4C48 5291:366.115 - 0.555ms returns 0
T4F78 5291:366.536 JLINK_IsHalted()
T4F78 5291:366.554 - 0.022ms returns TRUE
T4F78 5291:366.566 JLINK_GetMOEs(...)
T4F78 5291:366.576   CPU_ReadMem(4 bytes @ 0xE000ED30)
T4F78 5291:367.076 - 0.518ms returns 0x01
T4F78 5291:367.093 JLINK_ReadReg(R15 (PC))
T4F78 5291:367.104 - 0.015ms returns 0x004007C8
T4C48 5291:381.602 JLINK_ReadMemHW(0x400E0A08, 0x0004 Bytes, ...)
T4C48 5291:381.637   CPU_ReadMem(4 bytes @ 0x400E0A08)
T4C48 5291:382.178   Data:  00 00 00 00
T4C48 5291:382.234 - 0.636ms returns 0
T4C48 5291:446.593 JLINK_ReadMemHW(0x400E0A08, 0x0004 Bytes, ...)
T4C48 5291:446.634   CPU_ReadMem(4 bytes @ 0x400E0A08)
T4C48 5291:447.349   Data:  00 00 00 00
T4C48 5291:447.382 - 0.792ms returns 0
T4F78 5291:568.102 JLINK_IsHalted()
T4F78 5291:568.146 - 0.048ms returns TRUE
T4C48 5291:706.367 JLINK_ReadMemHW(0x400E0A08, 0x0004 Bytes, ...)
T4C48 5291:706.422   CPU_ReadMem(4 bytes @ 0x400E0A08)
T4C48 5291:707.170   Data:  00 00 00 00
T4C48 5291:707.202 - 0.839ms returns 0
T4F78 5291:769.236 JLINK_IsHalted()
T4F78 5291:769.282 - 0.050ms returns TRUE
T4F78 5291:969.393 JLINK_IsHalted()
T4F78 5291:970.029 - 0.660ms returns TRUE
T4F78 5292:170.005 JLINK_IsHalted()
T4F78 5292:170.050 - 0.050ms returns TRUE
T4F78 5292:370.729 JLINK_IsHalted()
T4F78 5292:370.794 - 0.069ms returns TRUE
T4F78 5292:571.208 JLINK_IsHalted()
T4F78 5292:571.729 - 0.544ms returns TRUE
T4C48 5292:707.714 JLINK_ReadMemHW(0x400E0A08, 0x0004 Bytes, ...)
T4C48 5292:707.752   CPU_ReadMem(4 bytes @ 0x400E0A08)
T4C48 5292:708.564   Data:  00 00 00 00
T4C48 5292:708.636 - 0.926ms returns 0
T4C48 5292:708.757 JLINK_ReadMemHW(0x400E0C08, 0x0004 Bytes, ...)
T4C48 5292:708.778   CPU_ReadMem(4 bytes @ 0x400E0C08)
T4C48 5292:709.455   Data:  00 00 00 00
T4C48 5292:709.488 - 0.736ms returns 0
T4C48 5292:710.839 JLINK_ReadMemHW(0x400E0C08, 0x0004 Bytes, ...)
T4C48 5292:710.895   CPU_ReadMem(4 bytes @ 0x400E0C08)
T4C48 5292:711.733   Data:  00 00 00 00
T4C48 5292:711.779 - 0.944ms returns 0
T4C48 5292:719.177 JLINK_ReadMemHW(0x400E0C08, 0x0004 Bytes, ...)
T4C48 5292:719.214   CPU_ReadMem(4 bytes @ 0x400E0C08)
T4C48 5292:719.873   Data:  00 00 00 00
T4C48 5292:719.893 - 0.720ms returns 0
T4C48 5292:735.759 JLINK_ReadMemHW(0x400E0C08, 0x0004 Bytes, ...)
T4C48 5292:735.797   CPU_ReadMem(4 bytes @ 0x400E0C08)
T4C48 5292:736.312   Data:  00 00 00 00
T4C48 5292:736.340 - 0.585ms returns 0
T4F78 5292:771.320 JLINK_IsHalted()
T4F78 5292:771.354 - 0.052ms returns TRUE
T4C48 5292:801.374 JLINK_ReadMemHW(0x400E0C08, 0x0004 Bytes, ...)
T4C48 5292:801.433   CPU_ReadMem(4 bytes @ 0x400E0C08)
T4C48 5292:801.990   Data:  00 00 00 00
T4C48 5292:802.009 - 0.639ms returns 0
T4F78 5292:975.868 JLINK_IsHalted()
T4F78 5292:975.902 - 0.038ms returns TRUE
T4C48 5293:059.329 JLINK_ReadMemHW(0x400E0C08, 0x0004 Bytes, ...)
T4C48 5293:059.382   CPU_ReadMem(4 bytes @ 0x400E0C08)
T4C48 5293:060.195   Data:  00 00 00 00
T4C48 5293:060.228 - 0.903ms returns 0
T4F78 5293:176.157 JLINK_IsHalted()
T4F78 5293:176.788 - 0.656ms returns TRUE
T4F78 5293:376.743 JLINK_IsHalted()
T4F78 5293:376.805 - 0.066ms returns TRUE
T4F78 5293:576.746 JLINK_IsHalted()
T4F78 5293:576.792 - 0.050ms returns TRUE
T4F78 5293:779.319 JLINK_IsHalted()
T4F78 5293:780.000 - 0.705ms returns TRUE
T4F78 5293:980.522 JLINK_IsHalted()
T4F78 5293:980.570 - 0.053ms returns TRUE
T4C48 5294:060.727 JLINK_ReadMemHW(0x400E0C08, 0x0004 Bytes, ...)
T4C48 5294:060.800   CPU_ReadMem(4 bytes @ 0x400E0C08)
T4C48 5294:061.622   Data:  00 00 00 00
T4C48 5294:061.654 - 0.930ms returns 0
T4C48 5294:061.763 JLINK_ReadMemHW(0x400E0A08, 0x0004 Bytes, ...)
T4C48 5294:061.783   CPU_ReadMem(4 bytes @ 0x400E0A08)
T4C48 5294:062.485   Data:  00 00 00 00
T4C48 5294:062.514 - 0.755ms returns 0
T4C48 5294:063.879 JLINK_ReadMemHW(0x400E0A08, 0x0004 Bytes, ...)
T4C48 5294:063.934   CPU_ReadMem(4 bytes @ 0x400E0A08)
T4C48 5294:064.757   Data:  00 00 00 00
T4C48 5294:064.789 - 0.914ms returns 0
T4C48 5294:069.290 JLINK_ReadMemHW(0x400E0A08, 0x0004 Bytes, ...)
T4C48 5294:069.341   CPU_ReadMem(4 bytes @ 0x400E0A08)
T4C48 5294:069.916   Data:  00 00 00 00
T4C48 5294:069.950 - 0.664ms returns 0
T4C48 5294:087.123 JLINK_ReadMemHW(0x400E0A08, 0x0004 Bytes, ...)
T4C48 5294:087.181   CPU_ReadMem(4 bytes @ 0x400E0A08)
T4C48 5294:087.691   Data:  00 00 00 00
T4C48 5294:087.726 - 0.607ms returns 0
T4C48 5294:151.574 JLINK_ReadMemHW(0x400E0A08, 0x0004 Bytes, ...)
T4C48 5294:151.657   CPU_ReadMem(4 bytes @ 0x400E0A08)
T4C48 5294:152.457   Data:  00 00 00 00
T4C48 5294:152.489 - 0.920ms returns 0
T4F78 5294:180.717 JLINK_IsHalted()
T4F78 5294:180.751 - 0.038ms returns TRUE
T4F78 5294:380.901 JLINK_IsHalted()
T4F78 5294:381.348 - 0.459ms returns TRUE
T4C48 5294:409.765 JLINK_ReadMemHW(0x400E0A08, 0x0004 Bytes, ...)
T4C48 5294:409.803   CPU_ReadMem(4 bytes @ 0x400E0A08)
T4C48 5294:410.304   Data:  00 00 00 00
T4C48 5294:410.322 - 0.561ms returns 0
T4F78 5294:580.975 JLINK_IsHalted()
T4F78 5294:581.009 - 0.052ms returns TRUE
T4F78 5294:784.656 JLINK_IsHalted()
T4F78 5294:784.688 - 0.036ms returns TRUE
T4F78 5294:987.591 JLINK_IsHalted()
T4F78 5294:988.078 - 0.508ms returns TRUE
T4F78 5295:190.038 JLINK_IsHalted()
T4F78 5295:190.064 - 0.030ms returns TRUE
T4F78 5295:390.914 JLINK_IsHalted()
T4F78 5295:390.963 - 0.053ms returns TRUE
T4C48 5295:410.244 JLINK_ReadMemHW(0x400E0A08, 0x0004 Bytes, ...)
T4C48 5295:410.289   CPU_ReadMem(4 bytes @ 0x400E0A08)
T4C48 5295:411.015   Data:  00 00 00 00
T4C48 5295:411.048 - 0.808ms returns 0
T4C48 5295:411.142 JLINK_ReadMemHW(0x400E0C08, 0x0004 Bytes, ...)
T4C48 5295:411.164   CPU_ReadMem(4 bytes @ 0x400E0C08)
T4C48 5295:411.798   Data:  01 00 00 00
T4C48 5295:411.820 - 0.681ms returns 0
T4C48 5295:411.839 JLINK_ReadMemHW(0x400E0A08, 0x0004 Bytes, ...)
T4C48 5295:411.853   CPU_ReadMem(4 bytes @ 0x400E0A08)
T4C48 5295:412.547   Data:  00 00 00 00
T4C48 5295:412.579 - 0.744ms returns 0
T4C48 5295:413.939 JLINK_ReadMemHW(0x400E0A08, 0x0004 Bytes, ...)
T4C48 5295:413.981   CPU_ReadMem(4 bytes @ 0x400E0A08)
T4C48 5295:414.705   Data:  00 00 00 00
T4C48 5295:414.739 - 0.804ms returns 0
T4C48 5295:419.284 JLINK_ReadMemHW(0x400E0A08, 0x0004 Bytes, ...)
T4C48 5295:419.325   CPU_ReadMem(4 bytes @ 0x400E0A08)
T4C48 5295:420.039   Data:  00 00 00 00
T4C48 5295:420.071 - 0.791ms returns 0
T4C48 5295:437.296 JLINK_ReadMemHW(0x400E0A08, 0x0004 Bytes, ...)
T4C48 5295:437.351   CPU_ReadMem(4 bytes @ 0x400E0A08)
T4C48 5295:437.914   Data:  00 00 00 00
T4C48 5295:437.932 - 0.640ms returns 0
T4C48 5295:501.975 JLINK_ReadMemHW(0x400E0A08, 0x0004 Bytes, ...)
T4C48 5295:502.030   CPU_ReadMem(4 bytes @ 0x400E0A08)
T4C48 5295:502.739   Data:  00 00 00 00
T4C48 5295:502.771 - 0.800ms returns 0
T4F78 5295:591.671 JLINK_IsHalted()
T4F78 5295:592.244 - 0.597ms returns TRUE
T4C48 5295:759.482 JLINK_ReadMemHW(0x400E0A08, 0x0004 Bytes, ...)
T4C48 5295:759.537   CPU_ReadMem(4 bytes @ 0x400E0A08)
T4C48 5295:760.302   Data:  00 00 00 00
T4C48 5295:760.334 - 0.856ms returns 0
T4F78 5295:793.052 JLINK_IsHalted()
T4F78 5295:793.099 - 0.065ms returns TRUE
T4F78 5295:993.528 JLINK_IsHalted()
T4F78 5295:993.574 - 0.050ms returns TRUE
T4F78 5296:193.771 JLINK_IsHalted()
T4F78 5296:194.448 - 0.701ms returns TRUE
T4F78 5296:395.099 JLINK_IsHalted()
T4F78 5296:395.158 - 0.063ms returns TRUE
T4F78 5296:595.978 JLINK_IsHalted()
T4F78 5296:596.023 - 0.049ms returns TRUE
T4C48 5296:761.220 JLINK_ReadMemHW(0x400E0A08, 0x0004 Bytes, ...)
T4C48 5296:761.461   CPU_ReadMem(4 bytes @ 0x400E0A08)
T4C48 5296:761.992   Data:  01 00 00 00
T4C48 5296:762.020 - 0.803ms returns 0
T4F78 5296:796.134 JLINK_IsHalted()
T4F78 5296:796.785 - 0.675ms returns TRUE
T4C48 5296:797.560 JLINK_ResetPullsRESET(ON)
T4C48 5296:797.582 - 0.028ms
T4C48 5296:797.599 JLINK_ResetNoHalt()
T4C48 5296:799.154   TotalIRLen = 4, IRPrint = 0x01
T4C48 5296:799.892   JTAG chain detection found 1 devices:
T4C48 5296:799.923    #0 Id: 0x4BA00477, IRLen: 04, CoreSight JTAG-DP
T4C48 5296:803.779   Old FW that does not support reading DPIDR via DAP jobs
T4C48 5296:807.050   DPv0 detected
T4C48 5296:807.075   AP map detection skipped. Manually configured AP map found.
T4C48 5296:807.096   AP[0]: AHB-AP (IDR: Not set)
T4C48 5296:811.690   AP[0]: Core found
T4C48 5296:811.722   AP[0]: AHB-AP ROM base: 0xE00FF000
T4C48 5296:813.827   CPUID register: 0x410FC241. Implementer code: 0x41 (ARM)
T4C48 5296:813.854   Found Cortex-M4 r0p1, Little endian.
T4C48 5296:814.052   -- Max. mem block: 0x00001F48
T4C48 5296:814.073   CPU_ReadMem(4 bytes @ 0xE000EDF0)
T4C48 5296:814.504   CPU_ReadMem(4 bytes @ 0xE0002000)
T4C48 5296:815.000   FPUnit: 6 code (BP) slots and 2 literal slots
T4C48 5296:815.016   CPU_ReadMem(4 bytes @ 0xE000EDFC)
T4C48 5296:815.515   CPU_ReadMem(4 bytes @ 0xE0001000)
T4C48 5296:816.046   CPU_ReadMem(4 bytes @ 0xE000ED88)
T4C48 5296:816.513   CPU_WriteMem(4 bytes @ 0xE000ED88)
T4C48 5296:816.909   CPU_ReadMem(4 bytes @ 0xE000ED88)
T4C48 5296:817.372   CPU_WriteMem(4 bytes @ 0xE000ED88)
T4C48 5296:817.820   CoreSight components:
T4C48 5296:817.844   ROMTbl[0] @ E00FF000
T4C48 5296:817.871   CPU_ReadMem(64 bytes @ 0xE00FF000)
T4C48 5296:819.040   CPU_ReadMem(32 bytes @ 0xE000EFE0)
T4C48 5296:819.787   ROMTbl[0][0]: E000E000, CID: B105E00D, PID: 000BB000 SCS
T4C48 5296:819.804   CPU_WriteMem(4 bytes @ 0xE0001000)
T4C48 5296:820.224   CPU_ReadMem(32 bytes @ 0xE0001FE0)
T4C48 5296:820.998   ROMTbl[0][1]: E0001000, CID: B105E00D, PID: 003BB002 DWT
T4C48 5296:821.037   CPU_ReadMem(32 bytes @ 0xE0002FE0)
T4C48 5296:821.741   ROMTbl[0][2]: E0002000, CID: B105E00D, PID: 002BB003 FPB
T4C48 5296:821.757   CPU_ReadMem(32 bytes @ 0xE0000FE0)
T4C48 5296:822.429   ROMTbl[0][3]: E0000000, CID: B105E00D, PID: 003BB001 ITM
T4C48 5296:822.446   CPU_ReadMem(32 bytes @ 0xE0040FE0)
T4C48 5296:823.116   ROMTbl[0][4]: E0040000, CID: B105900D, PID: 000BB9A1 TPIU
T4C48 5296:823.138   JLINK_Reset()
T4C48 5296:823.259     CPU_ReadMem(16 bytes @ 0x20000000)
T4C48 5296:823.846     CPU_WriteMem(16 bytes @ 0x20000000)
T4C48 5296:824.383     CPU_ReadMem(4 bytes @ 0xE000EDFC)
T4C48 5296:824.831     CPU_WriteMem(4 bytes @ 0xE000EDFC)
T4C48 5296:825.258     CPU_ReadMem(4 bytes @ 0xE0001000)
T4C48 5296:825.811     CPU_WriteMem(4 bytes @ 0xE0001004)
T4C48 5296:841.281     CPU_WriteMem(4 bytes @ 0xE000EDFC)
T4C48 5296:841.834     CPU_WriteMem(16 bytes @ 0x20000000)
T4C48 5296:845.756     CPU_WriteMem(4 bytes @ 0xE0002000)
T4C48 5296:846.485     CPU_ReadMem(4 bytes @ 0xE000EDFC)
T4C48 5296:847.285     CPU_ReadMem(4 bytes @ 0xE0001000)
T4C48 5296:847.906   - 24.787ms
T4C48 5296:847.934   JLINK_Go()
T4C48 5296:847.947     CPU_ReadMem(4 bytes @ 0xE0001000)
T4C48 5296:848.732     CPU_WriteMem(4 bytes @ 0xE0001004)
T4C48 5296:850.008   - 2.098ms
T4C48 5296:850.038 - 52.443ms
T4C48 5296:850.270 JLINK_TIF_Select(JLINKARM_TIF_JTAG)
T4C48 5296:850.285 - 0.019ms returns 0x00
T4C48 5296:850.296 JLINK_ConfigJTAG(IRPre = 0, DRPre = 0)
T4C48 5296:850.305 - 0.012ms
T4C48 5296:850.314 JLINK_SetSpeed(4000)
T4C48 5296:850.488 - 0.187ms
T4C48 5296:850.510 JLINK_ResetPullsRESET(OFF)
T4C48 5296:850.519 - 0.012ms
T4C48 5296:850.528 JLINK_Connect()
T4C48 5296:851.965   TotalIRLen = 4, IRPrint = 0x01
T4C48 5296:852.687   JTAG chain detection found 1 devices:
T4C48 5296:852.716    #0 Id: 0x4BA00477, IRLen: 04, CoreSight JTAG-DP
T4C48 5296:856.804   Old FW that does not support reading DPIDR via DAP jobs
T4C48 5296:860.255   DPv0 detected
T4C48 5296:860.290   AP map detection skipped. Manually configured AP map found.
T4C48 5296:860.311   AP[0]: AHB-AP (IDR: Not set)
T4C48 5296:864.690   AP[0]: Core found
T4C48 5296:864.717   AP[0]: AHB-AP ROM base: 0xE00FF000
T4C48 5296:866.851   CPUID register: 0x410FC241. Implementer code: 0x41 (ARM)
T4C48 5296:866.878   Found Cortex-M4 r0p1, Little endian.
T4C48 5296:867.049   -- Max. mem block: 0x00001F48
T4C48 5296:867.070   CPU_ReadMem(4 bytes @ 0xE000EDF0)
T4C48 5296:867.559   CPU_ReadMem(4 bytes @ 0xE0002000)
T4C48 5296:868.033   FPUnit: 6 code (BP) slots and 2 literal slots
T4C48 5296:868.050   CPU_ReadMem(4 bytes @ 0xE000EDFC)
T4C48 5296:868.529   CPU_ReadMem(4 bytes @ 0xE0001000)
T4C48 5296:869.006   CPU_WriteMem(4 bytes @ 0xE0001000)
T4C48 5296:869.494   CPU_ReadMem(4 bytes @ 0xE000ED88)
T4C48 5296:869.955   CPU_WriteMem(4 bytes @ 0xE000ED88)
T4C48 5296:870.395   CPU_ReadMem(4 bytes @ 0xE000ED88)
T4C48 5296:870.865   CPU_WriteMem(4 bytes @ 0xE000ED88)
T4C48 5296:871.276   CoreSight components:
T4C48 5296:871.302   ROMTbl[0] @ E00FF000
T4C48 5296:871.331   CPU_ReadMem(64 bytes @ 0xE00FF000)
T4C48 5296:872.529   CPU_ReadMem(32 bytes @ 0xE000EFE0)
T4C48 5296:873.244   ROMTbl[0][0]: E000E000, CID: B105E00D, PID: 000BB000 SCS
T4C48 5296:873.263   CPU_ReadMem(32 bytes @ 0xE0001FE0)
T4C48 5296:873.951   ROMTbl[0][1]: E0001000, CID: B105E00D, PID: 003BB002 DWT
T4C48 5296:873.970   CPU_ReadMem(32 bytes @ 0xE0002FE0)
T4C48 5296:874.650   ROMTbl[0][2]: E0002000, CID: B105E00D, PID: 002BB003 FPB
T4C48 5296:874.669   CPU_ReadMem(32 bytes @ 0xE0000FE0)
T4C48 5296:875.382   ROMTbl[0][3]: E0000000, CID: B105E00D, PID: 003BB001 ITM
T4C48 5296:875.401   CPU_ReadMem(32 bytes @ 0xE0040FE0)
T4C48 5296:876.073   ROMTbl[0][4]: E0040000, CID: B105900D, PID: 000BB9A1 TPIU
T4C48 5296:876.108 - 25.584ms returns 0x00
T4C48 5296:876.156 JLINK_Halt()
T4C48 5296:879.326 - 3.178ms returns 0x00
T4C48 5296:879.428 JLINK_BeginDownload(Flags = 0x00000000)
T4C48 5296:879.438 - 0.018ms
T4C48 5296:879.467 JLINK_WriteMem(0x400E0A04, 0x4 Bytes, ...)
T4C48 5296:879.476   Data:  0B 01 00 5A
T4C48 5296:879.608   CPU_WriteMem(4 bytes @ 0x400E0A04)
T4C48 5296:880.088 - 0.630ms returns 0x4
T4C48 5296:880.122 JLINK_EndDownload()
T4C48 5296:880.132 - 0.014ms returns 0 (0x0)
T4C48 5296:880.142 JLINK_ReadMemHW(0x400E0A08, 0x0004 Bytes, ...)
T4C48 5296:880.153   CPU_ReadMem(4 bytes @ 0x400E0A08)
T4C48 5296:880.808   Data:  01 00 00 00
T4C48 5296:880.824 - 0.685ms returns 0
T4C48 5296:880.850 JLINK_BeginDownload(Flags = 0x00000000)
T4C48 5296:880.859 - 0.013ms
T4C48 5296:880.879 JLINK_WriteMem(0x400E0A04, 0x4 Bytes, ...)
T4C48 5296:880.887   Data:  0C 02 00 5A
T4C48 5296:880.903   CPU_WriteMem(4 bytes @ 0x400E0A04)
T4C48 5296:881.377 - 0.506ms returns 0x4
T4C48 5296:881.409 JLINK_EndDownload()
T4C48 5296:881.419 - 0.014ms returns 0 (0x0)
T4C48 5296:881.428 JLINK_ReadMemHW(0x400E0A08, 0x0004 Bytes, ...)
T4C48 5296:881.439   CPU_ReadMem(4 bytes @ 0x400E0A08)
T4C48 5296:882.031   Data:  01 00 00 00
T4C48 5296:882.047 - 0.622ms returns 0
T4C48 5296:882.075 JLINK_SetResetType(JLINKARM_CM3_RESET_TYPE_NORMAL)
T4C48 5296:882.085 - 0.013ms returns JLINKARM_CM3_RESET_TYPE_NORMAL
T4C48 5296:882.095 JLINK_Reset()
T4C48 5296:882.107   CPU_ReadMem(16 bytes @ 0x20000000)
T4C48 5296:882.805   CPU_WriteMem(16 bytes @ 0x20000000)
T4C48 5296:883.460   CPU_ReadMem(4 bytes @ 0xE000EDFC)
T4C48 5296:884.081   CPU_WriteMem(4 bytes @ 0xE000EDFC)
T4C48 5296:884.627   CPU_ReadMem(4 bytes @ 0xE0001000)
T4C48 5296:900.779   CPU_WriteMem(4 bytes @ 0xE000EDFC)
T4C48 5296:901.517   CPU_WriteMem(16 bytes @ 0x20000000)
T4C48 5296:905.940   CPU_WriteMem(4 bytes @ 0xE0002000)
T4C48 5296:906.682   CPU_ReadMem(4 bytes @ 0xE000EDFC)
T4C48 5296:907.478   CPU_ReadMem(4 bytes @ 0xE0001000)
T4C48 5296:908.257 - 26.186ms
T4C48 5296:909.868 JLINK_JTAG_GetDeviceID(DeviceIndex = 0)
T4C48 5296:909.900 - 0.040ms returns 1268778103
T4C48 5296:909.920 JLINK_ReadMemU32(0x400E0740, 0x1 Items)
T4C48 5296:909.954   CPU_ReadMem(4 bytes @ 0x400E0740)
T4C48 5296:910.485   Data:  E0 0E A7 29
T4C48 5296:910.504 - 0.587ms returns 1 (0x1)
T4C48 5296:910.551 JLINK_ReadMemU32(0x400E0744, 0x1 Items)
T4C48 5296:910.571   CPU_ReadMem(4 bytes @ 0x400E0744)
T4C48 5296:911.043   Data:  00 00 00 00
T4C48 5296:911.061 - 0.513ms returns 1 (0x1)
T4C48 5296:917.444 JLINK_BeginDownload(Flags = 0x00000000)
T4C48 5296:917.462 - 0.022ms
T4C48 5296:917.483 JLINK_WriteMem(0x00400000, 0xC08 Bytes, ...)
T4C48 5296:917.493   Data:  F8 34 00 20 C9 07 40 00 C5 07 40 00 C5 07 40 00 ...
T4C48 5296:918.106   completely In flash
T4C48 5296:918.148    -- Read from flash cache (3080 bytes @ 0x00400000)
T4C48 5296:918.161 - 0.682ms returns 0xC08
T4C48 5296:918.403 JLINK_WriteMem(0x00400C08, 0x43C Bytes, ...)
T4C48 5296:918.426   Data:  BF F3 5F 8F 01 38 FB D1 70 47 00 00 00 09 3D 00 ...
T4C48 5296:918.455   completely In flash
T4C48 5296:918.482    -- Read from flash cache (1084 bytes @ 0x00400C08)
T4C48 5296:918.506 - 0.110ms returns 0x43C
T3458 5296:918.591 JLINK_IsHalted()
T3458 5296:918.614 - 0.031ms returns TRUE
T3458 5296:918.634 JLINK_GetMOEs(...)
T3458 5296:918.665   CPU_ReadMem(4 bytes @ 0xE000ED30)
T3458 5296:919.258 - 0.650ms returns 0x01
T3458 5296:919.307 JLINK_ReadReg(R15 (PC))
T3458 5296:919.583   Old firmware which does not support pausing periodic actions during flash download
T3458 5296:919.626   CPU_ReadMem(4 bytes @ 0xE000ED90)
T3458 5296:920.172   CPU_ReadMem(4 bytes @ 0xE000ED94)
T3458 5296:920.701    -- --------------------------------------
T3458 5296:920.752   Flash bank @ 0x00400000: Default: L2 verify disabled because algorithm performs L1 verify
T3458 5296:920.764    -- Start of determining dirty areas in flash cache
T3458 5296:921.295    -- End of determining dirty areas
T3458 5296:921.319    -- Start of preparing flash programming
T3458 5296:921.331    -- Calculating RAM usage
T3458 5296:921.348    -- RAM usage = 3036 Bytes
T3458 5296:921.359    -- Preserving CPU registers
T3458 5296:921.381    -- Preparing memory
T3458 5296:921.398    -- Preparing target
T3458 5297:082.235    -- Preserving target RAM temporarily used for programming
T3458 5297:092.178    -- Downloading RAMCode
T3458 5297:104.711    -- Preparing RAMCode
T3458 5297:110.936    -- Checking target RAM
T3458 5297:112.438    -- End of preparing flash programming
T3458 5297:112.568   Looking for J-Link GUI Server exe at: S:\Program Files (x86)\Atmel\Studio\7.0\atbackend\JLinkGUIServer.exe
T3458 5297:112.614   Looking for J-Link GUI Server exe at: \JLinkGUIServer.exe
T3458 5297:414.630   Failed to connect to J-Link GUI Server.
T3458 5297:421.697    -- CPU is running at 90000 kHz.
T3458 5297:421.730    -- Start of comparing flash
T3458 5297:421.744    -- CRC check was estimated as fastest method
T3458 5297:421.759    -- Comparing range 0x400000 - 0x4011FF (9 Sectors, 4 KiB), using multi-block CRC calculation
T3458 5297:424.477    -- CRC does not match for sectors 0-8
T3458 5297:424.502    -- End of comparing flash
T3458 5297:424.515    -- Start of erasing sectors
T3458 5297:424.527    -- End of erasing sectors
T3458 5297:424.539    -- Start of flash programming
T3458 5297:424.552    -- Programming range 0x00400000 - 0x004011FF (  9 Sectors, 4 KB)
T3458 5297:449.211    -- End of flash programming
T3458 5297:449.245    -- 0x400000 - 0x4011FF (  9 Sectors, 4 KoB)
T3458 5297:449.258    -- Start of restoring
T3458 5297:449.270    -- Restoring RAMCode
T3458 5297:458.086    -- Restoring target memory
T3458 5297:467.795    -- Restore target
T3458 5297:519.518    -- Restore memory
T3458 5297:519.551    -- Restoring CPU registers
T3458 5297:519.574    -- End of restoring
T3458 5297:519.628    -- Bank 0 @ 0x00400000: 1 range affected (4608 bytes)
T3458 5297:519.669    -- Total: 0.598s (Prepare: 0.500s, Compare: 0.002s, Erase: 0.000s, Program & Verify: 0.029s, Restore: 0.065s)
T3458 5297:519.690    -- Program & Verify speed: 154 KiB/s
T3458 5297:521.342 - 602.054ms returns 0xFFFFFFFE
T4C48 5297:522.375 JLINK_EndDownload()
T4C48 5297:522.403 - 0.035ms returns 0 (0x0)
T4C48 5297:522.439 JLINK_ResetPullsRESET(ON)
T4C48 5297:522.454 - 0.022ms
T4C48 5297:522.472 JLINK_ResetNoHalt()
T4C48 5297:523.649   TotalIRLen = 4, IRPrint = 0x01
T4C48 5297:524.253   JTAG chain detection found 1 devices:
T4C48 5297:524.282    #0 Id: 0x4BA00477, IRLen: 04, CoreSight JTAG-DP
T4C48 5297:528.540   Old FW that does not support reading DPIDR via DAP jobs
T4C48 5297:532.824   DPv0 detected
T4C48 5297:532.865   AP map detection skipped. Manually configured AP map found.
T4C48 5297:532.889   AP[0]: AHB-AP (IDR: Not set)
T4C48 5297:538.051   AP[0]: Core found
T4C48 5297:538.081   AP[0]: AHB-AP ROM base: 0xE00FF000
T4C48 5297:540.242   CPUID register: 0x410FC241. Implementer code: 0x41 (ARM)
T4C48 5297:540.269   Found Cortex-M4 r0p1, Little endian.
T4C48 5297:540.458   -- Max. mem block: 0x00001F48
T4C48 5297:540.480   CPU_ReadMem(4 bytes @ 0xE000EDF0)
T4C48 5297:540.915   CPU_ReadMem(4 bytes @ 0xE0002000)
T4C48 5297:541.375   FPUnit: 6 code (BP) slots and 2 literal slots
T4C48 5297:541.401   CPU_ReadMem(4 bytes @ 0xE000EDFC)
T4C48 5297:541.836   CPU_ReadMem(4 bytes @ 0xE0001000)
T4C48 5297:542.285   CPU_ReadMem(4 bytes @ 0xE000ED88)
T4C48 5297:542.785   CPU_WriteMem(4 bytes @ 0xE000ED88)
T4C48 5297:543.170   CPU_ReadMem(4 bytes @ 0xE000ED88)
T4C48 5297:543.641   CPU_WriteMem(4 bytes @ 0xE000ED88)
T4C48 5297:544.165   CoreSight components:
T4C48 5297:544.211   ROMTbl[0] @ E00FF000
T4C48 5297:544.233   CPU_ReadMem(64 bytes @ 0xE00FF000)
T4C48 5297:545.425   CPU_ReadMem(32 bytes @ 0xE000EFE0)
T4C48 5297:546.108   ROMTbl[0][0]: E000E000, CID: B105E00D, PID: 000BB000 SCS
T4C48 5297:546.136   CPU_WriteMem(4 bytes @ 0xE0001000)
T4C48 5297:546.543   CPU_ReadMem(32 bytes @ 0xE0001FE0)
T4C48 5297:547.233   ROMTbl[0][1]: E0001000, CID: B105E00D, PID: 003BB002 DWT
T4C48 5297:547.253   CPU_ReadMem(32 bytes @ 0xE0002FE0)
T4C48 5297:547.894   ROMTbl[0][2]: E0002000, CID: B105E00D, PID: 002BB003 FPB
T4C48 5297:547.912   CPU_ReadMem(32 bytes @ 0xE0000FE0)
T4C48 5297:548.606   ROMTbl[0][3]: E0000000, CID: B105E00D, PID: 003BB001 ITM
T4C48 5297:548.633   CPU_ReadMem(32 bytes @ 0xE0040FE0)
T4C48 5297:549.322   ROMTbl[0][4]: E0040000, CID: B105900D, PID: 000BB9A1 TPIU
T4C48 5297:549.345   JLINK_Reset()
T4C48 5297:549.767     CPU_ReadMem(16 bytes @ 0x20000000)
T4C48 5297:550.309     CPU_WriteMem(16 bytes @ 0x20000000)
T4C48 5297:550.795     CPU_ReadMem(4 bytes @ 0xE000EDFC)
T4C48 5297:551.250     CPU_WriteMem(4 bytes @ 0xE000EDFC)
T4C48 5297:551.634     CPU_ReadMem(4 bytes @ 0xE0001000)
T4C48 5297:568.405     CPU_WriteMem(4 bytes @ 0xE000EDFC)
T4C48 5297:569.088     CPU_WriteMem(16 bytes @ 0x20000000)
T4C48 5297:573.348     CPU_WriteMem(4 bytes @ 0xE0002000)
T4C48 5297:574.180     CPU_ReadMem(4 bytes @ 0xE000EDFC)
T4C48 5297:574.979     CPU_ReadMem(4 bytes @ 0xE0001000)
T4C48 5297:575.782   - 26.460ms
T4C48 5297:575.815   JLINK_Go()
T4C48 5297:575.829     CPU_ReadMem(4 bytes @ 0xE0001000)
T4C48 5297:576.429     CPU_WriteMem(4 bytes @ 0xE0001004)
T4C48 5297:577.530   - 1.760ms
T4C48 5297:577.584 - 55.116ms
T4C48 5297:591.730 JLINK_Close()
T4C48 5297:619.851 - 28.148ms
T4C48 5297:619.885   
T4C48 5297:619.894   Closed
