T4C48 5150:841.953   SEGGER J-Link V7.52a Log File
T4C48 5150:842.018   DLL Compiled: Jul 28 2021 11:08:12
T4C48 5150:842.042   Logging started @ 2023-03-01 19:57
T4C48 5150:842.063 - 19922.760ms
T4C48 5150:849.266 JLINK_ExecCommand("Device = AT91SAM4SD32C", ...). 
T4C48 5150:849.870   Device "ATSAM4SD32C" selected.
T4C48 5150:850.334 - 1.048ms returns 0x00
T4C48 5150:869.880 JLINK_TIF_Select(JLINKARM_TIF_JTAG)
T4C48 5150:871.101 - 1.249ms returns 0x00
T4C48 5150:871.147 JLINK_ConfigJTAG(IRPre = 0, DRPre = 0)
T4C48 5150:871.202 - 0.069ms
T4C48 5150:871.232 JLINK_SetSpeed(4000)
T4C48 5150:871.352 - 0.144ms
T4C48 5150:871.393 JLINK_ResetPullsRESET(OFF)
T4C48 5150:871.417 - 0.035ms
T4C48 5150:871.442 JLINK_Connect()
T4C48 5150:872.774   TotalIRLen = 4, IRPrint = 0x01
T4C48 5150:873.362   JTAG chain detection found 1 devices:
T4C48 5150:873.405    #0 Id: 0x4BA00477, IRLen: 04, CoreSight JTAG-DP
T4C48 5150:877.622   Old FW that does not support reading DPIDR via DAP jobs
T4C48 5150:881.078   DPv0 detected
T4C48 5150:881.113   Scanning AP map to find all available APs
T4C48 5150:883.700   AP[1]: Stopped AP scan as end of AP map has been reached
T4C48 5150:883.740   AP[0]: AHB-AP (IDR: 0x24770011)
T4C48 5150:883.789   Iterating through AP map to find AHB-AP to use
T4C48 5150:888.344   AP[0]: Core found
T4C48 5150:888.408   AP[0]: AHB-AP ROM base: 0xE00FF000
T4C48 5150:890.612   CPUID register: 0x410FC241. Implementer code: 0x41 (ARM)
T4C48 5150:890.638   Found Cortex-M4 r0p1, Little endian.
T4C48 5150:890.989   -- Max. mem block: 0x000023B8
T4C48 5150:891.106   CPU_ReadMem(4 bytes @ 0xE000EDF0)
T4C48 5150:894.653   CPU_WriteMem(4 bytes @ 0xE000EDF0)
T4C48 5150:895.018   CPU_ReadMem(4 bytes @ 0xE0002000)
T4C48 5150:895.595   FPUnit: 6 code (BP) slots and 2 literal slots
T4C48 5150:895.629   CPU_ReadMem(4 bytes @ 0xE000EDFC)
T4C48 5150:896.163   CPU_WriteMem(4 bytes @ 0xE000EDFC)
T4C48 5150:896.687   CPU_ReadMem(4 bytes @ 0xE0001000)
T4C48 5150:897.247   CPU_WriteMem(4 bytes @ 0xE0001000)
T4C48 5150:897.675   CPU_ReadMem(4 bytes @ 0xE000ED88)
T4C48 5150:898.248   CPU_WriteMem(4 bytes @ 0xE000ED88)
T4C48 5150:898.645   CPU_ReadMem(4 bytes @ 0xE000ED88)
T4C48 5150:899.093   CPU_WriteMem(4 bytes @ 0xE000ED88)
T4C48 5150:899.505   CoreSight components:
T4C48 5150:899.551   ROMTbl[0] @ E00FF000
T4C48 5150:899.573   CPU_ReadMem(64 bytes @ 0xE00FF000)
T4C48 5150:900.332   CPU_ReadMem(32 bytes @ 0xE000EFE0)
T4C48 5150:900.966   ROMTbl[0][0]: E000E000, CID: B105E00D, PID: 000BB000 SCS
T4C48 5150:900.992   CPU_ReadMem(32 bytes @ 0xE0001FE0)
T4C48 5150:901.663   ROMTbl[0][1]: E0001000, CID: B105E00D, PID: 003BB002 DWT
T4C48 5150:901.696   CPU_ReadMem(32 bytes @ 0xE0002FE0)
T4C48 5150:902.349   ROMTbl[0][2]: E0002000, CID: B105E00D, PID: 002BB003 FPB
T4C48 5150:902.367   CPU_ReadMem(32 bytes @ 0xE0000FE0)
T4C48 5150:902.981   ROMTbl[0][3]: E0000000, CID: B105E00D, PID: 003BB001 ITM
T4C48 5150:902.999   CPU_ReadMem(32 bytes @ 0xE0040FE0)
T4C48 5150:903.633   ROMTbl[0][4]: E0040000, CID: B105900D, PID: 000BB9A1 TPIU
T4C48 5150:903.654 - 32.217ms returns 0x00
T4C48 5150:903.719 JLINK_Halt()
T4C48 5150:906.871 - 3.163ms returns 0x00
T4C48 5150:907.006 JLINK_BeginDownload(Flags = 0x00000000)
T4C48 5150:907.018 - 0.015ms
T4C48 5150:907.040 JLINK_WriteMem(0x400E0A04, 0x4 Bytes, ...)
T4C48 5150:907.066   Data:  0B 01 00 5A
T4C48 5150:907.441   CPU_WriteMem(4 bytes @ 0x400E0A04)
T4C48 5150:907.904 - 0.873ms returns 0x4
T4C48 5150:907.941 JLINK_EndDownload()
T4C48 5150:907.951 - 0.014ms returns 0 (0x0)
T4C48 5150:907.962 JLINK_ReadMemHW(0x400E0A08, 0x0004 Bytes, ...)
T4C48 5150:907.973   CPU_ReadMem(4 bytes @ 0x400E0A08)
T4C48 5150:908.507   Data:  01 00 00 00
T4C48 5150:908.525 - 0.567ms returns 0
T4C48 5150:908.555 JLINK_BeginDownload(Flags = 0x00000000)
T4C48 5150:908.580 - 0.028ms
T4C48 5150:908.600 JLINK_WriteMem(0x400E0A04, 0x4 Bytes, ...)
T4C48 5150:908.609   Data:  0C 02 00 5A
T4C48 5150:908.628   CPU_WriteMem(4 bytes @ 0x400E0A04)
T4C48 5150:909.078 - 0.487ms returns 0x4
T4C48 5150:909.167 JLINK_EndDownload()
T4C48 5150:909.182 - 0.019ms returns 0 (0x0)
T4C48 5150:909.193 JLINK_ReadMemHW(0x400E0A08, 0x0004 Bytes, ...)
T4C48 5150:909.204   CPU_ReadMem(4 bytes @ 0x400E0A08)
T4C48 5150:909.696   Data:  01 00 00 00
T4C48 5150:909.728 - 0.538ms returns 0
T4C48 5150:909.775 JLINK_SetResetType(JLINKARM_CM3_RESET_TYPE_NORMAL)
T4C48 5150:909.785 - 0.014ms returns JLINKARM_CM3_RESET_TYPE_NORMAL
T4C48 5150:909.795 JLINK_Reset()
T4C48 5150:910.193   CPU_ReadMem(16 bytes @ 0x20000000)
T4C48 5150:910.771   CPU_WriteMem(16 bytes @ 0x20000000)
T4C48 5150:911.290   CPU_ReadMem(4 bytes @ 0xE000EDFC)
T4C48 5150:911.791   CPU_WriteMem(4 bytes @ 0xE000EDFC)
T4C48 5150:912.241   CPU_ReadMem(4 bytes @ 0xE0001000)
T4C48 5150:927.911   CPU_WriteMem(4 bytes @ 0xE000EDFC)
T4C48 5150:928.415   CPU_WriteMem(16 bytes @ 0x20000000)
T4C48 5150:932.061   CPU_WriteMem(4 bytes @ 0xE0002000)
T4C48 5150:932.493   CPU_ReadMem(4 bytes @ 0xE000EDFC)
T4C48 5150:933.023   CPU_ReadMem(4 bytes @ 0xE0001000)
T4C48 5150:933.544 - 23.759ms
T4C48 5150:934.707 JLINK_JTAG_GetDeviceID(DeviceIndex = 0)
T4C48 5150:934.729 - 0.028ms returns 1268778103
T4C48 5150:934.746 JLINK_ReadMemU32(0x400E0740, 0x1 Items)
T4C48 5150:934.768   CPU_ReadMem(4 bytes @ 0x400E0740)
T4C48 5150:935.258   Data:  E0 0E A7 29
T4C48 5150:935.304 - 0.565ms returns 1 (0x1)
T4C48 5150:935.370 JLINK_ReadMemU32(0x400E0744, 0x1 Items)
T4C48 5150:935.394   CPU_ReadMem(4 bytes @ 0x400E0744)
T4C48 5150:935.969   Data:  00 00 00 00
T4C48 5150:935.987 - 0.620ms returns 1 (0x1)
T4C48 5150:936.063 JLINK_BeginDownload(Flags = 0x00000000)
T4C48 5150:936.074 - 0.014ms
T4C48 5150:936.095 JLINK_WriteMem(0x400E0A04, 0x4 Bytes, ...)
T4C48 5150:936.104   Data:  05 00 00 5A
T4C48 5150:936.122   CPU_WriteMem(4 bytes @ 0x400E0A04)
T4C48 5150:936.575 - 0.490ms returns 0x4
T4C48 5150:936.637 JLINK_WriteMem(0x400E0C04, 0x4 Bytes, ...)
T4C48 5150:936.648   Data:  05 00 00 5A
T4C48 5150:936.666   CPU_WriteMem(4 bytes @ 0x400E0C04)
T4C48 5150:937.145 - 0.517ms returns 0x4
T4C48 5150:937.198 JLINK_EndDownload()
T4C48 5150:937.210 - 0.015ms returns 0 (0x0)
T4C48 5150:937.233 JLINK_ReadMemHW(0x400E0A08, 0x0004 Bytes, ...)
T4C48 5150:937.244   CPU_ReadMem(4 bytes @ 0x400E0A08)
T4C48 5150:937.721   Data:  00 00 00 00
T4C48 5150:937.740 - 0.511ms returns 0
T4C48 5150:939.867 JLINK_ReadMemHW(0x400E0A08, 0x0004 Bytes, ...)
T4C48 5150:939.905   CPU_ReadMem(4 bytes @ 0x400E0A08)
T4C48 5150:940.418   Data:  00 00 00 00
T4C48 5150:940.437 - 0.573ms returns 0
T4C48 5150:944.866 JLINK_ReadMemHW(0x400E0A08, 0x0004 Bytes, ...)
T4C48 5150:944.887   CPU_ReadMem(4 bytes @ 0x400E0A08)
T4C48 5150:945.413   Data:  00 00 00 00
T4C48 5150:945.432 - 0.570ms returns 0
T34AC 5150:945.489 JLINK_IsHalted()
T34AC 5150:945.506 - 0.029ms returns TRUE
T34AC 5150:945.517 JLINK_GetMOEs(...)
T34AC 5150:945.527   CPU_ReadMem(4 bytes @ 0xE000ED30)
T34AC 5150:946.046 - 0.539ms returns 0x01
T34AC 5150:946.066 JLINK_ReadReg(R15 (PC))
T34AC 5150:946.077 - 0.015ms returns 0x004007C8
T4C48 5150:961.275 JLINK_ReadMemHW(0x400E0A08, 0x0004 Bytes, ...)
T4C48 5150:961.346   CPU_ReadMem(4 bytes @ 0x400E0A08)
T4C48 5150:962.041   Data:  00 00 00 00
T4C48 5150:962.075 - 0.804ms returns 0
T4C48 5151:026.835 JLINK_ReadMemHW(0x400E0A08, 0x0004 Bytes, ...)
T4C48 5151:026.876   CPU_ReadMem(4 bytes @ 0x400E0A08)
T4C48 5151:027.647   Data:  00 00 00 00
T4C48 5151:027.681 - 0.850ms returns 0
T34AC 5151:146.235 JLINK_IsHalted()
T34AC 5151:146.285 - 0.071ms returns TRUE
T4C48 5151:283.465 JLINK_ReadMemHW(0x400E0A08, 0x0004 Bytes, ...)
T4C48 5151:283.520   CPU_ReadMem(4 bytes @ 0x400E0A08)
T4C48 5151:284.386   Data:  00 00 00 00
T4C48 5151:284.420 - 0.959ms returns 0
T34AC 5151:347.506 JLINK_IsHalted()
T34AC 5151:347.538 - 0.037ms returns TRUE
T34AC 5151:549.164 JLINK_IsHalted()
T34AC 5151:549.859 - 0.719ms returns TRUE
T34AC 5151:749.288 JLINK_IsHalted()
T34AC 5151:749.333 - 0.049ms returns TRUE
T34AC 5151:949.328 JLINK_IsHalted()
T34AC 5151:949.374 - 0.050ms returns TRUE
T34AC 5152:149.316 JLINK_IsHalted()
T34AC 5152:150.104 - 0.813ms returns TRUE
T4C48 5152:286.600 JLINK_ReadMemHW(0x400E0A08, 0x0004 Bytes, ...)
T4C48 5152:286.644   CPU_ReadMem(4 bytes @ 0x400E0A08)
T4C48 5152:287.212   Data:  00 00 00 00
T4C48 5152:287.267 - 0.671ms returns 0
T4C48 5152:287.390 JLINK_ReadMemHW(0x400E0C08, 0x0004 Bytes, ...)
T4C48 5152:287.409   CPU_ReadMem(4 bytes @ 0x400E0C08)
T4C48 5152:287.922   Data:  00 00 00 00
T4C48 5152:287.942 - 0.555ms returns 0
T4C48 5152:289.752 JLINK_ReadMemHW(0x400E0C08, 0x0004 Bytes, ...)
T4C48 5152:289.794   CPU_ReadMem(4 bytes @ 0x400E0C08)
T4C48 5152:290.573   Data:  00 00 00 00
T4C48 5152:290.647 - 0.917ms returns 0
T4C48 5152:296.703 JLINK_ReadMemHW(0x400E0C08, 0x0004 Bytes, ...)
T4C48 5152:296.745   CPU_ReadMem(4 bytes @ 0x400E0C08)
T4C48 5152:297.529   Data:  00 00 00 00
T4C48 5152:297.562 - 0.863ms returns 0
T4C48 5152:317.528 JLINK_ReadMemHW(0x400E0C08, 0x0004 Bytes, ...)
T4C48 5152:317.568   CPU_ReadMem(4 bytes @ 0x400E0C08)
T4C48 5152:318.357   Data:  00 00 00 00
T4C48 5152:318.389 - 0.865ms returns 0
T34AC 5152:350.745 JLINK_IsHalted()
T34AC 5152:350.778 - 0.037ms returns TRUE
T4C48 5152:384.878 JLINK_ReadMemHW(0x400E0C08, 0x0004 Bytes, ...)
T4C48 5152:384.923   CPU_ReadMem(4 bytes @ 0x400E0C08)
T4C48 5152:385.474   Data:  00 00 00 00
T4C48 5152:385.505 - 0.632ms returns 0
T34AC 5152:552.195 JLINK_IsHalted()
T34AC 5152:552.240 - 0.049ms returns TRUE
T4C48 5152:641.062 JLINK_ReadMemHW(0x400E0C08, 0x0004 Bytes, ...)
T4C48 5152:641.133   CPU_ReadMem(4 bytes @ 0x400E0C08)
T4C48 5152:641.936   Data:  00 00 00 00
T4C48 5152:641.969 - 0.911ms returns 0
T34AC 5152:753.008 JLINK_IsHalted()
T34AC 5152:753.729 - 0.747ms returns TRUE
T34AC 5152:959.011 JLINK_IsHalted()
T34AC 5152:959.063 - 0.070ms returns TRUE
T34AC 5153:159.907 JLINK_IsHalted()
T34AC 5153:159.939 - 0.036ms returns TRUE
T34AC 5153:360.734 JLINK_IsHalted()
T34AC 5153:361.382 - 0.684ms returns TRUE
T34AC 5153:561.662 JLINK_IsHalted()
T34AC 5153:561.705 - 0.047ms returns TRUE
T4C48 5153:642.790 JLINK_ReadMemHW(0x400E0C08, 0x0004 Bytes, ...)
T4C48 5153:642.843   CPU_ReadMem(4 bytes @ 0x400E0C08)
T4C48 5153:643.644   Data:  00 00 00 00
T4C48 5153:643.677 - 0.890ms returns 0
T4C48 5153:643.784 JLINK_ReadMemHW(0x400E0A08, 0x0004 Bytes, ...)
T4C48 5153:643.811   CPU_ReadMem(4 bytes @ 0x400E0A08)
T4C48 5153:644.472   Data:  00 00 00 00
T4C48 5153:644.495 - 0.714ms returns 0
T4C48 5153:646.162 JLINK_ReadMemHW(0x400E0A08, 0x0004 Bytes, ...)
T4C48 5153:646.202   CPU_ReadMem(4 bytes @ 0x400E0A08)
T4C48 5153:647.024   Data:  00 00 00 00
T4C48 5153:647.057 - 0.898ms returns 0
T4C48 5153:653.069 JLINK_ReadMemHW(0x400E0A08, 0x0004 Bytes, ...)
T4C48 5153:653.110   CPU_ReadMem(4 bytes @ 0x400E0A08)
T4C48 5153:653.901   Data:  00 00 00 00
T4C48 5153:653.933 - 0.868ms returns 0
T4C48 5153:669.312 JLINK_ReadMemHW(0x400E0A08, 0x0004 Bytes, ...)
T4C48 5153:669.366   CPU_ReadMem(4 bytes @ 0x400E0A08)
T4C48 5153:669.902   Data:  00 00 00 00
T4C48 5153:669.932 - 0.625ms returns 0
T4C48 5153:736.199 JLINK_ReadMemHW(0x400E0A08, 0x0004 Bytes, ...)
T4C48 5153:736.251   CPU_ReadMem(4 bytes @ 0x400E0A08)
T4C48 5153:737.075   Data:  00 00 00 00
T4C48 5153:737.107 - 0.912ms returns 0
T34AC 5153:762.642 JLINK_IsHalted()
T34AC 5153:762.726 - 0.088ms returns TRUE
T34AC 5153:963.837 JLINK_IsHalted()
T34AC 5153:964.491 - 0.683ms returns TRUE
T4C48 5153:993.566 JLINK_ReadMemHW(0x400E0A08, 0x0004 Bytes, ...)
T4C48 5153:993.618   CPU_ReadMem(4 bytes @ 0x400E0A08)
T4C48 5153:994.428   Data:  00 00 00 00
T4C48 5153:994.460 - 0.898ms returns 0
T34AC 5154:165.865 JLINK_IsHalted()
T34AC 5154:165.911 - 0.050ms returns TRUE
T34AC 5154:369.307 JLINK_IsHalted()
T34AC 5154:369.352 - 0.049ms returns TRUE
T34AC 5154:570.756 JLINK_IsHalted()
T34AC 5154:571.415 - 0.682ms returns TRUE
T34AC 5154:771.501 JLINK_IsHalted()
T34AC 5154:771.534 - 0.037ms returns TRUE
T34AC 5154:973.861 JLINK_IsHalted()
T34AC 5154:973.907 - 0.049ms returns TRUE
T4C48 5154:995.468 JLINK_ReadMemHW(0x400E0A08, 0x0004 Bytes, ...)
T4C48 5154:995.525   CPU_ReadMem(4 bytes @ 0x400E0A08)
T4C48 5154:996.335   Data:  00 00 00 00
T4C48 5154:996.368 - 0.904ms returns 0
T4C48 5154:996.476 JLINK_ReadMemHW(0x400E0C08, 0x0004 Bytes, ...)
T4C48 5154:996.497   CPU_ReadMem(4 bytes @ 0x400E0C08)
T4C48 5154:997.187   Data:  01 00 00 00
T4C48 5154:997.227 - 0.754ms returns 0
T4C48 5154:997.251 JLINK_ReadMemHW(0x400E0A08, 0x0004 Bytes, ...)
T4C48 5154:997.266   CPU_ReadMem(4 bytes @ 0x400E0A08)
T4C48 5154:998.068   Data:  00 00 00 00
T4C48 5154:998.101 - 0.854ms returns 0
T4C48 5154:999.268 JLINK_ReadMemHW(0x400E0A08, 0x0004 Bytes, ...)
T4C48 5154:999.316   CPU_ReadMem(4 bytes @ 0x400E0A08)
T4C48 5155:000.094   Data:  00 00 00 00
T4C48 5155:000.126 - 0.862ms returns 0
T4C48 5155:003.517 JLINK_ReadMemHW(0x400E0A08, 0x0004 Bytes, ...)
T4C48 5155:003.573   CPU_ReadMem(4 bytes @ 0x400E0A08)
T4C48 5155:004.108   Data:  00 00 00 00
T4C48 5155:004.137 - 0.624ms returns 0
T4C48 5155:020.714 JLINK_ReadMemHW(0x400E0A08, 0x0004 Bytes, ...)
T4C48 5155:020.786   CPU_ReadMem(4 bytes @ 0x400E0A08)
T4C48 5155:021.615   Data:  00 00 00 00
T4C48 5155:021.647 - 0.938ms returns 0
T4C48 5155:085.231 JLINK_ReadMemHW(0x400E0A08, 0x0004 Bytes, ...)
T4C48 5155:085.276   CPU_ReadMem(4 bytes @ 0x400E0A08)
T4C48 5155:086.074   Data:  00 00 00 00
T4C48 5155:086.106 - 0.879ms returns 0
T34AC 5155:174.896 JLINK_IsHalted()
T34AC 5155:175.361 - 0.489ms returns TRUE
T4C48 5155:344.210 JLINK_ReadMemHW(0x400E0A08, 0x0004 Bytes, ...)
T4C48 5155:344.248   CPU_ReadMem(4 bytes @ 0x400E0A08)
T4C48 5155:344.790   Data:  01 00 00 00
T4C48 5155:344.808 - 0.602ms returns 0
T34AC 5155:375.065 JLINK_IsHalted()
T34AC 5155:375.097 - 0.036ms returns TRUE
T4C48 5155:376.142 JLINK_ResetPullsRESET(ON)
T4C48 5155:376.180 - 0.044ms
T4C48 5155:376.223 JLINK_ResetNoHalt()
T4C48 5155:377.540   TotalIRLen = 4, IRPrint = 0x01
T4C48 5155:378.201   JTAG chain detection found 1 devices:
T4C48 5155:378.228    #0 Id: 0x4BA00477, IRLen: 04, CoreSight JTAG-DP
T4C48 5155:382.675   Old FW that does not support reading DPIDR via DAP jobs
T4C48 5155:385.858   DPv0 detected
T4C48 5155:385.884   AP map detection skipped. Manually configured AP map found.
T4C48 5155:385.905   AP[0]: AHB-AP (IDR: Not set)
T4C48 5155:390.458   AP[0]: Core found
T4C48 5155:390.485   AP[0]: AHB-AP ROM base: 0xE00FF000
T4C48 5155:392.676   CPUID register: 0x410FC241. Implementer code: 0x41 (ARM)
T4C48 5155:392.722   Found Cortex-M4 r0p1, Little endian.
T4C48 5155:392.928   -- Max. mem block: 0x00001F48
T4C48 5155:392.949   CPU_ReadMem(4 bytes @ 0xE000EDF0)
T4C48 5155:393.386   CPU_ReadMem(4 bytes @ 0xE0002000)
T4C48 5155:393.877   FPUnit: 6 code (BP) slots and 2 literal slots
T4C48 5155:393.893   CPU_ReadMem(4 bytes @ 0xE000EDFC)
T4C48 5155:394.327   CPU_ReadMem(4 bytes @ 0xE0001000)
T4C48 5155:394.802   CPU_ReadMem(4 bytes @ 0xE000ED88)
T4C48 5155:395.270   CPU_WriteMem(4 bytes @ 0xE000ED88)
T4C48 5155:395.688   CPU_ReadMem(4 bytes @ 0xE000ED88)
T4C48 5155:396.125   CPU_WriteMem(4 bytes @ 0xE000ED88)
T4C48 5155:396.502   CoreSight components:
T4C48 5155:396.525   ROMTbl[0] @ E00FF000
T4C48 5155:396.538   CPU_ReadMem(64 bytes @ 0xE00FF000)
T4C48 5155:397.756   CPU_ReadMem(32 bytes @ 0xE000EFE0)
T4C48 5155:398.450   ROMTbl[0][0]: E000E000, CID: B105E00D, PID: 000BB000 SCS
T4C48 5155:398.467   CPU_WriteMem(4 bytes @ 0xE0001000)
T4C48 5155:398.935   CPU_ReadMem(32 bytes @ 0xE0001FE0)
T4C48 5155:399.623   ROMTbl[0][1]: E0001000, CID: B105E00D, PID: 003BB002 DWT
T4C48 5155:399.642   CPU_ReadMem(32 bytes @ 0xE0002FE0)
T4C48 5155:400.318   ROMTbl[0][2]: E0002000, CID: B105E00D, PID: 002BB003 FPB
T4C48 5155:400.336   CPU_ReadMem(32 bytes @ 0xE0000FE0)
T4C48 5155:401.070   ROMTbl[0][3]: E0000000, CID: B105E00D, PID: 003BB001 ITM
T4C48 5155:401.089   CPU_ReadMem(32 bytes @ 0xE0040FE0)
T4C48 5155:401.769   ROMTbl[0][4]: E0040000, CID: B105900D, PID: 000BB9A1 TPIU
T4C48 5155:401.792   JLINK_Reset()
T4C48 5155:401.920     CPU_ReadMem(16 bytes @ 0x20000000)
T4C48 5155:402.454     CPU_WriteMem(16 bytes @ 0x20000000)
T4C48 5155:402.990     CPU_ReadMem(4 bytes @ 0xE000EDFC)
T4C48 5155:403.523     CPU_WriteMem(4 bytes @ 0xE000EDFC)
T4C48 5155:403.953     CPU_ReadMem(4 bytes @ 0xE0001000)
T4C48 5155:404.510     CPU_WriteMem(4 bytes @ 0xE0001004)
T4C48 5155:419.964     CPU_WriteMem(4 bytes @ 0xE000EDFC)
T4C48 5155:420.640     CPU_WriteMem(16 bytes @ 0x20000000)
T4C48 5155:425.042     CPU_WriteMem(4 bytes @ 0xE0002000)
T4C48 5155:425.588     CPU_ReadMem(4 bytes @ 0xE000EDFC)
T4C48 5155:426.146     CPU_ReadMem(4 bytes @ 0xE0001000)
T4C48 5155:426.687   - 24.905ms
T4C48 5155:426.706   JLINK_Go()
T4C48 5155:426.718     CPU_ReadMem(4 bytes @ 0xE0001000)
T4C48 5155:427.214     CPU_WriteMem(4 bytes @ 0xE0001004)
T4C48 5155:428.252   - 1.574ms
T4C48 5155:428.286 - 52.067ms
T4C48 5155:428.529 JLINK_TIF_Select(JLINKARM_TIF_JTAG)
T4C48 5155:428.544 - 0.019ms returns 0x00
T4C48 5155:428.554 JLINK_ConfigJTAG(IRPre = 0, DRPre = 0)
T4C48 5155:428.565 - 0.014ms
T4C48 5155:428.575 JLINK_SetSpeed(4000)
T4C48 5155:428.723 - 0.160ms
T4C48 5155:428.745 JLINK_ResetPullsRESET(OFF)
T4C48 5155:428.754 - 0.012ms
T4C48 5155:428.763 JLINK_Connect()
T4C48 5155:430.171   TotalIRLen = 4, IRPrint = 0x01
T4C48 5155:430.903   JTAG chain detection found 1 devices:
T4C48 5155:430.931    #0 Id: 0x4BA00477, IRLen: 04, CoreSight JTAG-DP
T4C48 5155:435.210   Old FW that does not support reading DPIDR via DAP jobs
T4C48 5155:438.438   DPv0 detected
T4C48 5155:438.463   AP map detection skipped. Manually configured AP map found.
T4C48 5155:438.499   AP[0]: AHB-AP (IDR: Not set)
T4C48 5155:442.666   AP[0]: Core found
T4C48 5155:442.691   AP[0]: AHB-AP ROM base: 0xE00FF000
T4C48 5155:445.050   CPUID register: 0x410FC241. Implementer code: 0x41 (ARM)
T4C48 5155:445.082   Found Cortex-M4 r0p1, Little endian.
T4C48 5155:445.260   -- Max. mem block: 0x00001F48
T4C48 5155:445.282   CPU_ReadMem(4 bytes @ 0xE000EDF0)
T4C48 5155:445.777   CPU_ReadMem(4 bytes @ 0xE0002000)
T4C48 5155:446.323   FPUnit: 6 code (BP) slots and 2 literal slots
T4C48 5155:446.340   CPU_ReadMem(4 bytes @ 0xE000EDFC)
T4C48 5155:446.779   CPU_ReadMem(4 bytes @ 0xE0001000)
T4C48 5155:447.266   CPU_WriteMem(4 bytes @ 0xE0001000)
T4C48 5155:447.649   CPU_ReadMem(4 bytes @ 0xE000ED88)
T4C48 5155:448.135   CPU_WriteMem(4 bytes @ 0xE000ED88)
T4C48 5155:448.643   CPU_ReadMem(4 bytes @ 0xE000ED88)
T4C48 5155:449.111   CPU_WriteMem(4 bytes @ 0xE000ED88)
T4C48 5155:449.487   CoreSight components:
T4C48 5155:449.512   ROMTbl[0] @ E00FF000
T4C48 5155:449.526   CPU_ReadMem(64 bytes @ 0xE00FF000)
T4C48 5155:450.678   CPU_ReadMem(32 bytes @ 0xE000EFE0)
T4C48 5155:451.372   ROMTbl[0][0]: E000E000, CID: B105E00D, PID: 000BB000 SCS
T4C48 5155:451.388   CPU_ReadMem(32 bytes @ 0xE0001FE0)
T4C48 5155:452.068   ROMTbl[0][1]: E0001000, CID: B105E00D, PID: 003BB002 DWT
T4C48 5155:452.086   CPU_ReadMem(32 bytes @ 0xE0002FE0)
T4C48 5155:452.744   ROMTbl[0][2]: E0002000, CID: B105E00D, PID: 002BB003 FPB
T4C48 5155:452.763   CPU_ReadMem(32 bytes @ 0xE0000FE0)
T4C48 5155:453.415   ROMTbl[0][3]: E0000000, CID: B105E00D, PID: 003BB001 ITM
T4C48 5155:453.434   CPU_ReadMem(32 bytes @ 0xE0040FE0)
T4C48 5155:454.146   ROMTbl[0][4]: E0040000, CID: B105900D, PID: 000BB9A1 TPIU
T4C48 5155:454.167 - 25.408ms returns 0x00
T4C48 5155:454.243 JLINK_Halt()
T4C48 5155:457.459 - 3.226ms returns 0x00
T4C48 5155:457.572 JLINK_BeginDownload(Flags = 0x00000000)
T4C48 5155:457.584 - 0.015ms
T4C48 5155:457.606 JLINK_WriteMem(0x400E0A04, 0x4 Bytes, ...)
T4C48 5155:457.616   Data:  0B 01 00 5A
T4C48 5155:457.770   CPU_WriteMem(4 bytes @ 0x400E0A04)
T4C48 5155:458.307 - 0.711ms returns 0x4
T4C48 5155:458.349 JLINK_EndDownload()
T4C48 5155:458.360 - 0.015ms returns 0 (0x0)
T4C48 5155:458.370 JLINK_ReadMemHW(0x400E0A08, 0x0004 Bytes, ...)
T4C48 5155:458.381   CPU_ReadMem(4 bytes @ 0x400E0A08)
T4C48 5155:458.938   Data:  01 00 00 00
T4C48 5155:458.956 - 0.590ms returns 0
T4C48 5155:458.986 JLINK_BeginDownload(Flags = 0x00000000)
T4C48 5155:458.995 - 0.013ms
T4C48 5155:459.021 JLINK_WriteMem(0x400E0A04, 0x4 Bytes, ...)
T4C48 5155:459.048   Data:  0C 02 00 5A
T4C48 5155:459.065   CPU_WriteMem(4 bytes @ 0x400E0A04)
T4C48 5155:459.479 - 0.467ms returns 0x4
T4C48 5155:459.540 JLINK_EndDownload()
T4C48 5155:459.550 - 0.014ms returns 0 (0x0)
T4C48 5155:459.560 JLINK_ReadMemHW(0x400E0A08, 0x0004 Bytes, ...)
T4C48 5155:459.590   CPU_ReadMem(4 bytes @ 0x400E0A08)
T4C48 5155:460.065   Data:  01 00 00 00
T4C48 5155:460.105 - 0.550ms returns 0
T4C48 5155:460.146 JLINK_SetResetType(JLINKARM_CM3_RESET_TYPE_NORMAL)
T4C48 5155:460.176 - 0.035ms returns JLINKARM_CM3_RESET_TYPE_NORMAL
T4C48 5155:460.190 JLINK_Reset()
T4C48 5155:460.208   CPU_ReadMem(16 bytes @ 0x20000000)
T4C48 5155:460.845   CPU_WriteMem(16 bytes @ 0x20000000)
T4C48 5155:461.467   CPU_ReadMem(4 bytes @ 0xE000EDFC)
T4C48 5155:461.992   CPU_WriteMem(4 bytes @ 0xE000EDFC)
T4C48 5155:462.583   CPU_ReadMem(4 bytes @ 0xE0001000)
T4C48 5155:478.319   CPU_WriteMem(4 bytes @ 0xE000EDFC)
T4C48 5155:478.851   CPU_WriteMem(16 bytes @ 0x20000000)
T4C48 5155:483.224   CPU_WriteMem(4 bytes @ 0xE0002000)
T4C48 5155:483.897   CPU_ReadMem(4 bytes @ 0xE000EDFC)
T4C48 5155:484.701   CPU_ReadMem(4 bytes @ 0xE0001000)
T4C48 5155:485.510 - 25.344ms
T4C48 5155:486.863 JLINK_JTAG_GetDeviceID(DeviceIndex = 0)
T4C48 5155:486.881 - 0.021ms returns 1268778103
T4C48 5155:486.892 JLINK_ReadMemU32(0x400E0740, 0x1 Items)
T4C48 5155:486.911   CPU_ReadMem(4 bytes @ 0x400E0740)
T4C48 5155:487.439   Data:  E0 0E A7 29
T4C48 5155:487.457 - 0.568ms returns 1 (0x1)
T4C48 5155:487.494 JLINK_ReadMemU32(0x400E0744, 0x1 Items)
T4C48 5155:487.508   CPU_ReadMem(4 bytes @ 0x400E0744)
T4C48 5155:488.085   Data:  00 00 00 00
T4C48 5155:488.103 - 0.613ms returns 1 (0x1)
T4C48 5155:495.304 JLINK_BeginDownload(Flags = 0x00000000)
T4C48 5155:495.330 - 0.029ms
T4C48 5155:495.354 JLINK_WriteMem(0x00400000, 0xC08 Bytes, ...)
T4C48 5155:495.387   Data:  F8 34 00 20 C9 07 40 00 C5 07 40 00 C5 07 40 00 ...
T4C48 5155:495.885   completely In flash
T4C48 5155:495.904    -- Read from flash cache (3080 bytes @ 0x00400000)
T4C48 5155:495.916 - 0.566ms returns 0xC08
T4C48 5155:496.111 JLINK_WriteMem(0x00400C08, 0x43C Bytes, ...)
T4C48 5155:496.127   Data:  BF F3 5F 8F 01 38 FB D1 70 47 00 00 00 09 3D 00 ...
T4C48 5155:496.150   completely In flash
T4C48 5155:496.173    -- Read from flash cache (1084 bytes @ 0x00400C08)
T4C48 5155:496.186 - 0.079ms returns 0x43C
T0A10 5155:496.513 JLINK_IsHalted()
T0A10 5155:496.531 - 0.022ms returns TRUE
T0A10 5155:496.543 JLINK_GetMOEs(...)
T0A10 5155:496.556   CPU_ReadMem(4 bytes @ 0xE000ED30)
T0A10 5155:497.065 - 0.534ms returns 0x01
T0A10 5155:497.086 JLINK_ReadReg(R15 (PC))
T0A10 5155:497.368   Old firmware which does not support pausing periodic actions during flash download
T0A10 5155:497.403   CPU_ReadMem(4 bytes @ 0xE000ED90)
T0A10 5155:497.948   CPU_ReadMem(4 bytes @ 0xE000ED94)
T0A10 5155:498.502    -- --------------------------------------
T0A10 5155:498.542   Flash bank @ 0x00400000: Default: L2 verify disabled because algorithm performs L1 verify
T0A10 5155:498.554    -- Start of determining dirty areas in flash cache
T0A10 5155:498.981    -- End of determining dirty areas
T0A10 5155:499.008    -- Start of preparing flash programming
T0A10 5155:499.019    -- Calculating RAM usage
T0A10 5155:499.036    -- RAM usage = 3036 Bytes
T0A10 5155:499.048    -- Preserving CPU registers
T0A10 5155:499.070    -- Preparing memory
T0A10 5155:499.082    -- Preparing target
T0A10 5155:659.095    -- Preserving target RAM temporarily used for programming
T0A10 5155:669.232    -- Downloading RAMCode
T0A10 5155:681.598    -- Preparing RAMCode
T0A10 5155:688.477    -- Checking target RAM
T0A10 5155:689.884    -- End of preparing flash programming
T0A10 5155:690.010   Looking for J-Link GUI Server exe at: S:\Program Files (x86)\Atmel\Studio\7.0\atbackend\JLinkGUIServer.exe
T0A10 5155:690.057   Looking for J-Link GUI Server exe at: \JLinkGUIServer.exe
T0A10 5155:990.564   Failed to connect to J-Link GUI Server.
T0A10 5155:995.288    -- CPU is running at 90000 kHz.
T0A10 5155:995.330    -- Start of comparing flash
T0A10 5155:995.348    -- CRC check was estimated as fastest method
T0A10 5155:995.369    -- Comparing range 0x400000 - 0x4011FF (9 Sectors, 4 KiB), using multi-block CRC calculation
T0A10 5155:998.268    -- CRC does not match for sectors 0-8
T0A10 5155:998.322    -- End of comparing flash
T0A10 5155:998.337    -- Start of erasing sectors
T0A10 5155:998.350    -- End of erasing sectors
T0A10 5155:998.362    -- Start of flash programming
T0A10 5155:998.376    -- Programming range 0x00400000 - 0x004011FF (  9 Sectors, 4 KB)
T0A10 5156:021.494    -- End of flash programming
T0A10 5156:021.538    -- 0x400000 - 0x4011FF (  9 Sectors, 4 KoB)
T0A10 5156:021.551    -- Start of restoring
T0A10 5156:021.563    -- Restoring RAMCode
T0A10 5156:029.575    -- Restoring target memory
T0A10 5156:039.163    -- Restore target
T0A10 5156:091.232    -- Restore memory
T0A10 5156:091.274    -- Restoring CPU registers
T0A10 5156:091.304    -- End of restoring
T0A10 5156:091.358    -- Bank 0 @ 0x00400000: 1 range affected (4608 bytes)
T0A10 5156:091.385    -- Total: 0.592s (Prepare: 0.496s, Compare: 0.003s, Erase: 0.000s, Program & Verify: 0.027s, Restore: 0.065s)
T0A10 5156:091.407    -- Program & Verify speed: 166 KiB/s
T0A10 5156:094.010 - 596.962ms returns 0xFFFFFFFE
T4C48 5156:095.050 JLINK_EndDownload()
T4C48 5156:095.082 - 0.039ms returns 0 (0x0)
T4C48 5156:095.150 JLINK_ResetPullsRESET(ON)
T4C48 5156:095.165 - 0.022ms
T4C48 5156:095.202 JLINK_ResetNoHalt()
T4C48 5156:096.420   TotalIRLen = 4, IRPrint = 0x01
T4C48 5156:097.221   JTAG chain detection found 1 devices:
T4C48 5156:097.295    #0 Id: 0x4BA00477, IRLen: 04, CoreSight JTAG-DP
T4C48 5156:101.910   Old FW that does not support reading DPIDR via DAP jobs
T4C48 5156:105.355   DPv0 detected
T4C48 5156:105.382   AP map detection skipped. Manually configured AP map found.
T4C48 5156:105.402   AP[0]: AHB-AP (IDR: Not set)
T4C48 5156:109.615   AP[0]: Core found
T4C48 5156:109.638   AP[0]: AHB-AP ROM base: 0xE00FF000
T4C48 5156:112.094   CPUID register: 0x410FC241. Implementer code: 0x41 (ARM)
T4C48 5156:112.178   Found Cortex-M4 r0p1, Little endian.
T4C48 5156:112.428   -- Max. mem block: 0x00001F48
T4C48 5156:112.458   CPU_ReadMem(4 bytes @ 0xE000EDF0)
T4C48 5156:112.957   CPU_ReadMem(4 bytes @ 0xE0002000)
T4C48 5156:113.551   FPUnit: 6 code (BP) slots and 2 literal slots
T4C48 5156:113.595   CPU_ReadMem(4 bytes @ 0xE000EDFC)
T4C48 5156:114.091   CPU_ReadMem(4 bytes @ 0xE0001000)
T4C48 5156:114.604   CPU_ReadMem(4 bytes @ 0xE000ED88)
T4C48 5156:115.091   CPU_WriteMem(4 bytes @ 0xE000ED88)
T4C48 5156:115.458   CPU_ReadMem(4 bytes @ 0xE000ED88)
T4C48 5156:115.998   CPU_WriteMem(4 bytes @ 0xE000ED88)
T4C48 5156:116.459   CoreSight components:
T4C48 5156:116.496   ROMTbl[0] @ E00FF000
T4C48 5156:116.524   CPU_ReadMem(64 bytes @ 0xE00FF000)
T4C48 5156:117.678   CPU_ReadMem(32 bytes @ 0xE000EFE0)
T4C48 5156:118.405   ROMTbl[0][0]: E000E000, CID: B105E00D, PID: 000BB000 SCS
T4C48 5156:118.422   CPU_WriteMem(4 bytes @ 0xE0001000)
T4C48 5156:118.853   CPU_ReadMem(32 bytes @ 0xE0001FE0)
T4C48 5156:119.588   ROMTbl[0][1]: E0001000, CID: B105E00D, PID: 003BB002 DWT
T4C48 5156:119.607   CPU_ReadMem(32 bytes @ 0xE0002FE0)
T4C48 5156:120.284   ROMTbl[0][2]: E0002000, CID: B105E00D, PID: 002BB003 FPB
T4C48 5156:120.303   CPU_ReadMem(32 bytes @ 0xE0000FE0)
T4C48 5156:120.992   ROMTbl[0][3]: E0000000, CID: B105E00D, PID: 003BB001 ITM
T4C48 5156:121.011   CPU_ReadMem(32 bytes @ 0xE0040FE0)
T4C48 5156:121.695   ROMTbl[0][4]: E0040000, CID: B105900D, PID: 000BB9A1 TPIU
T4C48 5156:121.718   JLINK_Reset()
T4C48 5156:122.194     CPU_ReadMem(16 bytes @ 0x20000000)
T4C48 5156:122.845     CPU_WriteMem(16 bytes @ 0x20000000)
T4C48 5156:123.363     CPU_ReadMem(4 bytes @ 0xE000EDFC)
T4C48 5156:123.858     CPU_WriteMem(4 bytes @ 0xE000EDFC)
T4C48 5156:124.291     CPU_ReadMem(4 bytes @ 0xE0001000)
T4C48 5156:140.754     CPU_WriteMem(4 bytes @ 0xE000EDFC)
T4C48 5156:141.453     CPU_WriteMem(16 bytes @ 0x20000000)
T4C48 5156:145.658     CPU_WriteMem(4 bytes @ 0xE0002000)
T4C48 5156:146.238     CPU_ReadMem(4 bytes @ 0xE000EDFC)
T4C48 5156:146.811     CPU_ReadMem(4 bytes @ 0xE0001000)
T4C48 5156:147.397   - 25.688ms
T4C48 5156:147.415   JLINK_Go()
T4C48 5156:147.428     CPU_ReadMem(4 bytes @ 0xE0001000)
T4C48 5156:148.106     CPU_WriteMem(4 bytes @ 0xE0001004)
T4C48 5156:149.208   - 1.803ms
T4C48 5156:149.223 - 54.025ms
T4C48 5156:161.668 JLINK_Close()
T4C48 5156:174.258 - 12.617ms
T4C48 5156:174.292   
T4C48 5156:174.316   Closed
